This file contains any messages produced by compilers while
running configure, to aid debugging if configure makes a mistake.

It was created by libmodbus configure 2.0.3, which was
generated by GNU Autoconf 2.65.  Invocation command line was

  $ ./configure 

## --------- ##
## Platform. ##
## --------- ##

hostname = localhost.localdomain
uname -m = i686
uname -r = 2.6.33.5-desktop-2mnb
uname -s = Linux
uname -v = #1 SMP Thu Jun 17 21:30:10 UTC 2010

/usr/bin/uname -p = unknown
/bin/uname -X     = unknown

/bin/arch              = i686
/usr/bin/arch -k       = unknown
/usr/convex/getsysinfo = unknown
/usr/bin/hostinfo      = unknown
/bin/machine           = unknown
/usr/bin/oslevel       = unknown
/bin/universe          = unknown

PATH: /sbin
PATH: /usr/sbin
PATH: /bin
PATH: /usr/bin
PATH: /usr/X11R6/bin
PATH: /usr/local/bin
PATH: /usr/local/sbin
PATH: /usr/lib/qt4/bin


## ----------- ##
## Core tests. ##
## ----------- ##

configure:2394: checking for a BSD-compatible install
configure:2462: result: /usr/bin/install -c
configure:2473: checking whether build environment is sane
configure:2510: result: yes
configure:2535: checking for a thread-safe mkdir -p
configure:2574: result: /bin/mkdir -p
configure:2587: checking for gawk
configure:2603: found /bin/gawk
configure:2614: result: gawk
configure:2625: checking whether make sets $(MAKE)
configure:2647: result: yes
configure:2910: checking for gcc
configure:2926: found /usr/bin/gcc
configure:2937: result: gcc
configure:3166: checking for C compiler version
configure:3175: gcc --version >&5
gcc (GCC) 4.4.3
Copyright (C) 2010 Free Software Foundation, Inc.
This is free software; see the source for copying conditions.  There is NO
warranty; not even for MERCHANTABILITY or FITNESS FOR A PARTICULAR PURPOSE.

configure:3186: $? = 0
configure:3175: gcc -v >&5
Using built-in specs.
Target: i586-manbo-linux-gnu
Configured with: ../configure --prefix=/usr --libexecdir=/usr/lib --with-slibdir=/lib --with-bugurl=https://qa.mandriva.com/ --mandir=/usr/share/man --infodir=/usr/share/info --enable-checking=release --enable-languages=c,c++,ada,fortran,objc,obj-c++,java --build=i586-manbo-linux-gnu --host=i586-manbo-linux-gnu --with-cpu=generic --with-system-zlib --enable-threads=posix --enable-shared --enable-objc-gc --enable-long-long --enable-__cxa_atexit --disable-libunwind-exceptions --enable-clocale=gnu --enable-java-awt=gtk --with-java-home=/usr/lib/jvm/java-1.5.0-gcj-1.5.0.0/jre --with-ecj-jar=/usr/share/java/eclipse-ecj.jar --enable-gtk-cairo --disable-libjava-multilib --enable-ssp --disable-libssp --disable-werror --with-ppl --with-cloog --with-python-dir=/lib/python2.6/site-packages
Thread model: posix
gcc version 4.4.3 (GCC) 
configure:3186: $? = 0
configure:3175: gcc -V >&5
gcc: '-V' option must have argument
configure:3186: $? = 1
configure:3175: gcc -qversion >&5
gcc: unrecognized option '-qversion'
gcc: no input files
configure:3186: $? = 1
configure:3206: checking whether the C compiler works
configure:3228: gcc    conftest.c  >&5
configure:3232: $? = 0
configure:3281: result: yes
configure:3284: checking for C compiler default output file name
configure:3286: result: a.out
configure:3292: checking for suffix of executables
configure:3299: gcc -o conftest    conftest.c  >&5
configure:3303: $? = 0
configure:3325: result: 
configure:3347: checking whether we are cross compiling
configure:3355: gcc -o conftest    conftest.c  >&5
configure:3359: $? = 0
configure:3366: ./conftest
configure:3370: $? = 0
configure:3385: result: no
configure:3390: checking for suffix of object files
configure:3412: gcc -c   conftest.c >&5
configure:3416: $? = 0
configure:3437: result: o
configure:3441: checking whether we are using the GNU C compiler
configure:3460: gcc -c   conftest.c >&5
configure:3460: $? = 0
configure:3469: result: yes
configure:3478: checking whether gcc accepts -g
configure:3498: gcc -c -g  conftest.c >&5
configure:3498: $? = 0
configure:3539: result: yes
configure:3556: checking for gcc option to accept ISO C89
configure:3620: gcc  -c -g -O2  conftest.c >&5
configure:3620: $? = 0
configure:3633: result: none needed
configure:3664: checking for style of include used by make
configure:3692: result: GNU
configure:3717: checking dependency style of gcc
configure:3808: result: gcc3
configure:3823: checking whether make sets $(MAKE)
configure:3845: result: yes
configure:3883: checking build system type
configure:3897: result: i686-pc-linux-gnu
configure:3917: checking host system type
configure:3930: result: i686-pc-linux-gnu
configure:3950: checking for a sed that does not truncate output
configure:4014: result: /bin/sed
configure:4032: checking for grep that handles long lines and -e
configure:4090: result: /bin/grep
configure:4095: checking for egrep
configure:4157: result: /bin/grep -E
configure:4162: checking for fgrep
configure:4224: result: /bin/grep -F
configure:4259: checking for ld used by gcc
configure:4326: result: /usr/bin/ld
configure:4333: checking if the linker (/usr/bin/ld) is GNU ld
configure:4348: result: yes
configure:4360: checking for BSD- or MS-compatible name lister (nm)
configure:4409: result: /usr/bin/nm -B
configure:4527: checking the name lister (/usr/bin/nm -B) interface
configure:4534: gcc -c -g -O2  conftest.c >&5
configure:4537: /usr/bin/nm -B "conftest.o"
configure:4540: output
00000000 B some_variable
configure:4547: result: BSD nm
configure:4550: checking whether ln -s works
configure:4554: result: yes
configure:4562: checking the maximum length of command line arguments
configure:4682: result: 1572864
configure:4699: checking whether the shell understands some XSI constructs
configure:4709: result: yes
configure:4713: checking whether the shell understands "+="
configure:4719: result: yes
configure:4754: checking for /usr/bin/ld option to reload object files
configure:4761: result: -r
configure:4788: checking how to recognize dependent libraries
configure:4978: result: pass_all
configure:5038: checking for ar
configure:5054: found /usr/bin/ar
configure:5065: result: ar
configure:5143: checking for strip
configure:5159: found /usr/bin/strip
configure:5170: result: strip
configure:5242: checking for ranlib
configure:5258: found /usr/bin/ranlib
configure:5269: result: ranlib
configure:5359: checking command to parse /usr/bin/nm -B output from gcc object
configure:5477: gcc -c -g -O2  conftest.c >&5
configure:5480: $? = 0
configure:5484: /usr/bin/nm -B conftest.o \| sed -n -e 's/^.*[	 ]\([ABCDGIRSTW][ABCDGIRSTW]*\)[	 ][	 ]*\([_A-Za-z][_A-Za-z0-9]*\)$/\1 \2 \2/p' \> conftest.nm
configure:5487: $? = 0
configure:5541: gcc -o conftest -g -O2   conftest.c conftstm.o >&5
configure:5544: $? = 0
configure:5582: result: ok
configure:6391: checking how to run the C preprocessor
configure:6422: gcc -E  conftest.c
configure:6422: $? = 0
configure:6436: gcc -E  conftest.c
conftest.c:11:28: error: ac_nonexistent.h: No such file or directory
configure:6436: $? = 1
configure: failed program was:
| /* confdefs.h */
| #define PACKAGE_NAME "libmodbus"
| #define PACKAGE_TARNAME "libmodbus"
| #define PACKAGE_VERSION "2.0.3"
| #define PACKAGE_STRING "libmodbus 2.0.3"
| #define PACKAGE_BUGREPORT "stephane.raimbault@gmail.com"
| #define PACKAGE_URL ""
| #define PACKAGE "libmodbus"
| #define VERSION "2.0.3"
| /* end confdefs.h.  */
| #include <ac_nonexistent.h>
configure:6461: result: gcc -E
configure:6481: gcc -E  conftest.c
configure:6481: $? = 0
configure:6495: gcc -E  conftest.c
conftest.c:11:28: error: ac_nonexistent.h: No such file or directory
configure:6495: $? = 1
configure: failed program was:
| /* confdefs.h */
| #define PACKAGE_NAME "libmodbus"
| #define PACKAGE_TARNAME "libmodbus"
| #define PACKAGE_VERSION "2.0.3"
| #define PACKAGE_STRING "libmodbus 2.0.3"
| #define PACKAGE_BUGREPORT "stephane.raimbault@gmail.com"
| #define PACKAGE_URL ""
| #define PACKAGE "libmodbus"
| #define VERSION "2.0.3"
| /* end confdefs.h.  */
| #include <ac_nonexistent.h>
configure:6524: checking for ANSI C header files
configure:6544: gcc -c -g -O2  conftest.c >&5
configure:6544: $? = 0
configure:6617: gcc -o conftest -g -O2   conftest.c  >&5
configure:6617: $? = 0
configure:6617: ./conftest
configure:6617: $? = 0
configure:6628: result: yes
configure:6641: checking for sys/types.h
configure:6641: gcc -c -g -O2  conftest.c >&5
configure:6641: $? = 0
configure:6641: result: yes
configure:6641: checking for sys/stat.h
configure:6641: gcc -c -g -O2  conftest.c >&5
configure:6641: $? = 0
configure:6641: result: yes
configure:6641: checking for stdlib.h
configure:6641: gcc -c -g -O2  conftest.c >&5
configure:6641: $? = 0
configure:6641: result: yes
configure:6641: checking for string.h
configure:6641: gcc -c -g -O2  conftest.c >&5
configure:6641: $? = 0
configure:6641: result: yes
configure:6641: checking for memory.h
configure:6641: gcc -c -g -O2  conftest.c >&5
configure:6641: $? = 0
configure:6641: result: yes
configure:6641: checking for strings.h
configure:6641: gcc -c -g -O2  conftest.c >&5
configure:6641: $? = 0
configure:6641: result: yes
configure:6641: checking for inttypes.h
configure:6641: gcc -c -g -O2  conftest.c >&5
configure:6641: $? = 0
configure:6641: result: yes
configure:6641: checking for stdint.h
configure:6641: gcc -c -g -O2  conftest.c >&5
configure:6641: $? = 0
configure:6641: result: yes
configure:6641: checking for unistd.h
configure:6641: gcc -c -g -O2  conftest.c >&5
configure:6641: $? = 0
configure:6641: result: yes
configure:6656: checking for dlfcn.h
configure:6656: gcc -c -g -O2  conftest.c >&5
configure:6656: $? = 0
configure:6656: result: yes
configure:6810: checking for objdir
configure:6825: result: .libs
configure:7117: checking if gcc supports -fno-rtti -fno-exceptions
configure:7135: gcc -c -g -O2  -fno-rtti -fno-exceptions conftest.c >&5
cc1: warning: command line option "-fno-rtti" is valid for C++/ObjC++ but not for C
configure:7139: $? = 0
configure:7152: result: no
configure:7172: checking for gcc option to produce PIC
configure:7429: result: -fPIC -DPIC
configure:7441: checking if gcc PIC flag -fPIC -DPIC works
configure:7459: gcc -c -g -O2  -fPIC -DPIC -DPIC conftest.c >&5
configure:7463: $? = 0
configure:7476: result: yes
configure:7500: checking if gcc static flag -static works
configure:7528: result: no
configure:7543: checking if gcc supports -c -o file.o
configure:7564: gcc -c -g -O2  -o out/conftest2.o conftest.c >&5
configure:7568: $? = 0
configure:7590: result: yes
configure:7598: checking if gcc supports -c -o file.o
configure:7645: result: yes
configure:7678: checking whether the gcc linker (/usr/bin/ld) supports shared libraries
configure:8657: result: yes
configure:8694: checking whether -lc should be explicitly linked in
configure:8699: gcc -c -g -O2  conftest.c >&5
configure:8702: $? = 0
configure:8717: gcc -shared conftest.o  -v -Wl,-soname -Wl,conftest -o conftest 2\>\&1 \| /bin/grep  -lc  \>/dev/null 2\>\&1
configure:8720: $? = 0
configure:8732: result: no
configure:8896: checking dynamic linker characteristics
configure:9329: gcc -o conftest -g -O2   -Wl,-rpath -Wl,/foo conftest.c  >&5
configure:9329: $? = 0
configure:9559: result: GNU/Linux ld.so
configure:9661: checking how to hardcode library paths into programs
configure:9686: result: immediate
configure:10214: checking whether stripping libraries is possible
configure:10219: result: yes
configure:10254: checking if libtool supports shared libraries
configure:10256: result: yes
configure:10259: checking whether to build shared libraries
configure:10280: result: yes
configure:10283: checking whether to build static libraries
configure:10287: result: no
configure:10324: checking for ANSI C header files
configure:10428: result: yes
configure:10439: checking termios.h usability
configure:10439: gcc -c -g -O2  conftest.c >&5
configure:10439: $? = 0
configure:10439: result: yes
configure:10439: checking termios.h presence
configure:10439: gcc -E  conftest.c
configure:10439: $? = 0
configure:10439: result: yes
configure:10439: checking for termios.h
configure:10439: result: yes
configure:10439: checking sys/time.h usability
configure:10439: gcc -c -g -O2  conftest.c >&5
configure:10439: $? = 0
configure:10439: result: yes
configure:10439: checking sys/time.h presence
configure:10439: gcc -E  conftest.c
configure:10439: $? = 0
configure:10439: result: yes
configure:10439: checking for sys/time.h
configure:10439: result: yes
configure:10439: checking for unistd.h
configure:10439: result: yes
configure:10439: checking errno.h usability
configure:10439: gcc -c -g -O2  conftest.c >&5
configure:10439: $? = 0
configure:10439: result: yes
configure:10439: checking errno.h presence
configure:10439: gcc -E  conftest.c
configure:10439: $? = 0
configure:10439: result: yes
configure:10439: checking for errno.h
configure:10439: result: yes
configure:10439: checking limits.h usability
configure:10439: gcc -c -g -O2  conftest.c >&5
configure:10439: $? = 0
configure:10439: result: yes
configure:10439: checking limits.h presence
configure:10439: gcc -E  conftest.c
configure:10439: $? = 0
configure:10439: result: yes
configure:10439: checking for limits.h
configure:10439: result: yes
configure:10439: checking fcntl.h usability
configure:10439: gcc -c -g -O2  conftest.c >&5
configure:10439: $? = 0
configure:10439: result: yes
configure:10439: checking fcntl.h presence
configure:10439: gcc -E  conftest.c
configure:10439: $? = 0
configure:10439: result: yes
configure:10439: checking for fcntl.h
configure:10439: result: yes
configure:10439: checking for sys/types.h
configure:10439: result: yes
configure:10439: checking sys/socket.h usability
configure:10439: gcc -c -g -O2  conftest.c >&5
configure:10439: $? = 0
configure:10439: result: yes
configure:10439: checking sys/socket.h presence
configure:10439: gcc -E  conftest.c
configure:10439: $? = 0
configure:10439: result: yes
configure:10439: checking for sys/socket.h
configure:10439: result: yes
configure:10439: checking sys/ioctl.h usability
configure:10439: gcc -c -g -O2  conftest.c >&5
configure:10439: $? = 0
configure:10439: result: yes
configure:10439: checking sys/ioctl.h presence
configure:10439: gcc -E  conftest.c
configure:10439: $? = 0
configure:10439: result: yes
configure:10439: checking for sys/ioctl.h
configure:10439: result: yes
configure:10439: checking netinet/in.h usability
configure:10439: gcc -c -g -O2  conftest.c >&5
configure:10439: $? = 0
configure:10439: result: yes
configure:10439: checking netinet/in.h presence
configure:10439: gcc -E  conftest.c
configure:10439: $? = 0
configure:10439: result: yes
configure:10439: checking for netinet/in.h
configure:10439: result: yes
configure:10439: checking netinet/ip.h usability
configure:10439: gcc -c -g -O2  conftest.c >&5
configure:10439: $? = 0
configure:10439: result: yes
configure:10439: checking netinet/ip.h presence
configure:10439: gcc -E  conftest.c
configure:10439: $? = 0
configure:10439: result: yes
configure:10439: checking for netinet/ip.h
configure:10439: result: yes
configure:10439: checking netinet/tcp.h usability
configure:10439: gcc -c -g -O2  conftest.c >&5
configure:10439: $? = 0
configure:10439: result: yes
configure:10439: checking netinet/tcp.h presence
configure:10439: gcc -E  conftest.c
configure:10439: $? = 0
configure:10439: result: yes
configure:10439: checking for netinet/tcp.h
configure:10439: result: yes
configure:10439: checking arpa/inet.h usability
configure:10439: gcc -c -g -O2  conftest.c >&5
configure:10439: $? = 0
configure:10439: result: yes
configure:10439: checking arpa/inet.h presence
configure:10439: gcc -E  conftest.c
configure:10439: $? = 0
configure:10439: result: yes
configure:10439: checking for arpa/inet.h
configure:10439: result: yes
configure:10452: checking for an ANSI C-conforming const
configure:10517: gcc -c -g -O2  conftest.c >&5
configure:10517: $? = 0
configure:10524: result: yes
configure:10532: checking for size_t
configure:10532: gcc -c -g -O2  conftest.c >&5
configure:10532: $? = 0
configure:10532: gcc -c -g -O2  conftest.c >&5
conftest.c: In function 'main':
conftest.c:73: error: expected expression before ')' token
configure:10532: $? = 1
configure: failed program was:
| /* confdefs.h */
| #define PACKAGE_NAME "libmodbus"
| #define PACKAGE_TARNAME "libmodbus"
| #define PACKAGE_VERSION "2.0.3"
| #define PACKAGE_STRING "libmodbus 2.0.3"
| #define PACKAGE_BUGREPORT "stephane.raimbault@gmail.com"
| #define PACKAGE_URL ""
| #define PACKAGE "libmodbus"
| #define VERSION "2.0.3"
| #define STDC_HEADERS 1
| #define HAVE_SYS_TYPES_H 1
| #define HAVE_SYS_STAT_H 1
| #define HAVE_STDLIB_H 1
| #define HAVE_STRING_H 1
| #define HAVE_MEMORY_H 1
| #define HAVE_STRINGS_H 1
| #define HAVE_INTTYPES_H 1
| #define HAVE_STDINT_H 1
| #define HAVE_UNISTD_H 1
| #define HAVE_DLFCN_H 1
| #define LT_OBJDIR ".libs/"
| #define STDC_HEADERS 1
| #define HAVE_TERMIOS_H 1
| #define HAVE_SYS_TIME_H 1
| #define HAVE_UNISTD_H 1
| #define HAVE_ERRNO_H 1
| #define HAVE_LIMITS_H 1
| #define HAVE_FCNTL_H 1
| #define HAVE_SYS_TYPES_H 1
| #define HAVE_SYS_SOCKET_H 1
| #define HAVE_SYS_IOCTL_H 1
| #define HAVE_NETINET_IN_H 1
| #define HAVE_NETINET_IP_H 1
| #define HAVE_NETINET_TCP_H 1
| #define HAVE_ARPA_INET_H 1
| /* end confdefs.h.  */
| #include <stdio.h>
| #ifdef HAVE_SYS_TYPES_H
| # include <sys/types.h>
| #endif
| #ifdef HAVE_SYS_STAT_H
| # include <sys/stat.h>
| #endif
| #ifdef STDC_HEADERS
| # include <stdlib.h>
| # include <stddef.h>
| #else
| # ifdef HAVE_STDLIB_H
| #  include <stdlib.h>
| # endif
| #endif
| #ifdef HAVE_STRING_H
| # if !defined STDC_HEADERS && defined HAVE_MEMORY_H
| #  include <memory.h>
| # endif
| # include <string.h>
| #endif
| #ifdef HAVE_STRINGS_H
| # include <strings.h>
| #endif
| #ifdef HAVE_INTTYPES_H
| # include <inttypes.h>
| #endif
| #ifdef HAVE_STDINT_H
| # include <stdint.h>
| #endif
| #ifdef HAVE_UNISTD_H
| # include <unistd.h>
| #endif
| int
| main ()
| {
| if (sizeof ((size_t)))
| 	    return 0;
|   ;
|   return 0;
| }
configure:10532: result: yes
configure:10543: checking whether time.h and sys/time.h may both be included
configure:10563: gcc -c -g -O2  conftest.c >&5
configure:10563: $? = 0
configure:10570: result: yes
configure:10582: checking for stdlib.h
configure:10582: result: yes
configure:10592: checking for GNU libc compatible malloc
configure:10616: gcc -o conftest -g -O2   conftest.c  >&5
configure:10616: $? = 0
configure:10616: ./conftest
configure:10616: $? = 0
configure:10626: result: yes
configure:10650: checking sys/select.h usability
configure:10650: gcc -c -g -O2  conftest.c >&5
configure:10650: $? = 0
configure:10650: result: yes
configure:10650: checking sys/select.h presence
configure:10650: gcc -E  conftest.c
configure:10650: $? = 0
configure:10650: result: yes
configure:10650: checking for sys/select.h
configure:10650: result: yes
configure:10650: checking for sys/socket.h
configure:10650: result: yes
configure:10661: checking types of arguments for select
configure:10689: gcc -c -g -O2  conftest.c >&5
configure:10689: $? = 0
configure:10700: result: int,fd_set *,struct timeval *
configure:10726: checking for inet_ntoa
configure:10726: gcc -o conftest -g -O2   conftest.c  >&5
configure:10726: $? = 0
configure:10726: result: yes
configure:10726: checking for memset
configure:10726: gcc -o conftest -g -O2   conftest.c  >&5
conftest.c:69: warning: conflicting types for built-in function 'memset'
configure:10726: $? = 0
configure:10726: result: yes
configure:10726: checking for select
configure:10726: gcc -o conftest -g -O2   conftest.c  >&5
configure:10726: $? = 0
configure:10726: result: yes
configure:10726: checking for socket
configure:10726: gcc -o conftest -g -O2   conftest.c  >&5
configure:10726: $? = 0
configure:10726: result: yes
configure:10885: creating ./config.status

## ---------------------- ##
## Running config.status. ##
## ---------------------- ##

This file was extended by libmodbus config.status 2.0.3, which was
generated by GNU Autoconf 2.65.  Invocation command line was

  CONFIG_FILES    = 
  CONFIG_HEADERS  = 
  CONFIG_LINKS    = 
  CONFIG_COMMANDS = 
  $ ./config.status 

on localhost.localdomain

config.status:987: creating Makefile
config.status:987: creating modbus/Makefile
config.status:987: creating tests/Makefile
config.status:987: creating modbus.pc
config.status:1150: executing depfiles commands
config.status:1150: executing libtool commands

## ---------------- ##
## Cache variables. ##
## ---------------- ##

ac_cv_build=i686-pc-linux-gnu
ac_cv_c_compiler_gnu=yes
ac_cv_c_const=yes
ac_cv_env_CC_set=
ac_cv_env_CC_value=
ac_cv_env_CFLAGS_set=
ac_cv_env_CFLAGS_value=
ac_cv_env_CPPFLAGS_set=
ac_cv_env_CPPFLAGS_value=
ac_cv_env_CPP_set=
ac_cv_env_CPP_value=
ac_cv_env_LDFLAGS_set=
ac_cv_env_LDFLAGS_value=
ac_cv_env_LIBS_set=
ac_cv_env_LIBS_value=
ac_cv_env_build_alias_set=
ac_cv_env_build_alias_value=
ac_cv_env_host_alias_set=
ac_cv_env_host_alias_value=
ac_cv_env_target_alias_set=
ac_cv_env_target_alias_value=
ac_cv_func_inet_ntoa=yes
ac_cv_func_malloc_0_nonnull=yes
ac_cv_func_memset=yes
ac_cv_func_select=yes
ac_cv_func_select_args='int,fd_set *,struct timeval *'
ac_cv_func_socket=yes
ac_cv_header_arpa_inet_h=yes
ac_cv_header_dlfcn_h=yes
ac_cv_header_errno_h=yes
ac_cv_header_fcntl_h=yes
ac_cv_header_inttypes_h=yes
ac_cv_header_limits_h=yes
ac_cv_header_memory_h=yes
ac_cv_header_netinet_in_h=yes
ac_cv_header_netinet_ip_h=yes
ac_cv_header_netinet_tcp_h=yes
ac_cv_header_stdc=yes
ac_cv_header_stdint_h=yes
ac_cv_header_stdlib_h=yes
ac_cv_header_string_h=yes
ac_cv_header_strings_h=yes
ac_cv_header_sys_ioctl_h=yes
ac_cv_header_sys_select_h=yes
ac_cv_header_sys_socket_h=yes
ac_cv_header_sys_stat_h=yes
ac_cv_header_sys_time_h=yes
ac_cv_header_sys_types_h=yes
ac_cv_header_termios_h=yes
ac_cv_header_time=yes
ac_cv_header_unistd_h=yes
ac_cv_host=i686-pc-linux-gnu
ac_cv_objext=o
ac_cv_path_EGREP='/bin/grep -E'
ac_cv_path_FGREP='/bin/grep -F'
ac_cv_path_GREP=/bin/grep
ac_cv_path_SED=/bin/sed
ac_cv_path_install='/usr/bin/install -c'
ac_cv_path_mkdir=/bin/mkdir
ac_cv_prog_AWK=gawk
ac_cv_prog_CPP='gcc -E'
ac_cv_prog_ac_ct_AR=ar
ac_cv_prog_ac_ct_CC=gcc
ac_cv_prog_ac_ct_RANLIB=ranlib
ac_cv_prog_ac_ct_STRIP=strip
ac_cv_prog_cc_c89=
ac_cv_prog_cc_g=yes
ac_cv_prog_make_make_set=yes
ac_cv_type_size_t=yes
am_cv_CC_dependencies_compiler_type=gcc3
lt_cv_deplibs_check_method=pass_all
lt_cv_file_magic_cmd='$MAGIC_CMD'
lt_cv_file_magic_test_file=
lt_cv_ld_reload_flag=-r
lt_cv_nm_interface='BSD nm'
lt_cv_objdir=.libs
lt_cv_path_LD=/usr/bin/ld
lt_cv_path_NM='/usr/bin/nm -B'
lt_cv_prog_compiler_c_o=yes
lt_cv_prog_compiler_pic_works=yes
lt_cv_prog_compiler_rtti_exceptions=no
lt_cv_prog_compiler_static_works=no
lt_cv_prog_gnu_ld=yes
lt_cv_sys_global_symbol_pipe='sed -n -e '\''s/^.*[	 ]\([ABCDGIRSTW][ABCDGIRSTW]*\)[	 ][	 ]*\([_A-Za-z][_A-Za-z0-9]*\)$/\1 \2 \2/p'\'''
lt_cv_sys_global_symbol_to_c_name_address='sed -n -e '\''s/^: \([^ ]*\) $/  {\"\1\", (void *) 0},/p'\'' -e '\''s/^[ABCDGIRSTW]* \([^ ]*\) \([^ ]*\)$/  {"\2", (void *) \&\2},/p'\'''
lt_cv_sys_global_symbol_to_c_name_address_lib_prefix='sed -n -e '\''s/^: \([^ ]*\) $/  {\"\1\", (void *) 0},/p'\'' -e '\''s/^[ABCDGIRSTW]* \([^ ]*\) \(lib[^ ]*\)$/  {"\2", (void *) \&\2},/p'\'' -e '\''s/^[ABCDGIRSTW]* \([^ ]*\) \([^ ]*\)$/  {"lib\2", (void *) \&\2},/p'\'''
lt_cv_sys_global_symbol_to_cdecl='sed -n -e '\''s/^T .* \(.*\)$/extern int \1();/p'\'' -e '\''s/^[ABCDGIRSTW]* .* \(.*\)$/extern char \1;/p'\'''
lt_cv_sys_max_cmd_len=1572864

## ----------------- ##
## Output variables. ##
## ----------------- ##

ACLOCAL='${SHELL} /home/user/dk/libmodbus-2.0.3/missing --run aclocal-1.10'
AMDEPBACKSLASH='\'
AMDEP_FALSE='#'
AMDEP_TRUE=''
AMTAR='${SHELL} /home/user/dk/libmodbus-2.0.3/missing --run tar'
AR='ar'
AUTOCONF='${SHELL} /home/user/dk/libmodbus-2.0.3/missing --run autoconf'
AUTOHEADER='${SHELL} /home/user/dk/libmodbus-2.0.3/missing --run autoheader'
AUTOMAKE='${SHELL} /home/user/dk/libmodbus-2.0.3/missing --run automake-1.10'
AWK='gawk'
CC='gcc'
CCDEPMODE='depmode=gcc3'
CFLAGS='-g -O2'
CPP='gcc -E'
CPPFLAGS=''
CYGPATH_W='echo'
DEFS='-DPACKAGE_NAME=\"libmodbus\" -DPACKAGE_TARNAME=\"libmodbus\" -DPACKAGE_VERSION=\"2.0.3\" -DPACKAGE_STRING=\"libmodbus\ 2.0.3\" -DPACKAGE_BUGREPORT=\"stephane.raimbault@gmail.com\" -DPACKAGE_URL=\"\" -DPACKAGE=\"libmodbus\" -DVERSION=\"2.0.3\" -DSTDC_HEADERS=1 -DHAVE_SYS_TYPES_H=1 -DHAVE_SYS_STAT_H=1 -DHAVE_STDLIB_H=1 -DHAVE_STRING_H=1 -DHAVE_MEMORY_H=1 -DHAVE_STRINGS_H=1 -DHAVE_INTTYPES_H=1 -DHAVE_STDINT_H=1 -DHAVE_UNISTD_H=1 -DHAVE_DLFCN_H=1 -DLT_OBJDIR=\".libs/\" -DSTDC_HEADERS=1 -DHAVE_TERMIOS_H=1 -DHAVE_SYS_TIME_H=1 -DHAVE_UNISTD_H=1 -DHAVE_ERRNO_H=1 -DHAVE_LIMITS_H=1 -DHAVE_FCNTL_H=1 -DHAVE_SYS_TYPES_H=1 -DHAVE_SYS_SOCKET_H=1 -DHAVE_SYS_IOCTL_H=1 -DHAVE_NETINET_IN_H=1 -DHAVE_NETINET_IP_H=1 -DHAVE_NETINET_TCP_H=1 -DHAVE_ARPA_INET_H=1 -DTIME_WITH_SYS_TIME=1 -DHAVE_STDLIB_H=1 -DHAVE_MALLOC=1 -DHAVE_SYS_SELECT_H=1 -DHAVE_SYS_SOCKET_H=1 -DSELECT_TYPE_ARG1=int -DSELECT_TYPE_ARG234=\(fd_set\ \*\) -DSELECT_TYPE_ARG5=\(struct\ timeval\ \*\) -DHAVE_INET_NTOA=1 -DHAVE_MEMSET=1 -DHAVE_SELECT=1 -DHAVE_SOCKET=1'
DEPDIR='.deps'
DSYMUTIL=''
DUMPBIN=''
ECHO_C=''
ECHO_N='-n'
ECHO_T=''
EGREP='/bin/grep -E'
EXEEXT=''
FGREP='/bin/grep -F'
GREP='/bin/grep'
INSTALL_DATA='${INSTALL} -m 644'
INSTALL_PROGRAM='${INSTALL}'
INSTALL_SCRIPT='${INSTALL}'
INSTALL_STRIP_PROGRAM='$(install_sh) -c -s'
LD='/usr/bin/ld'
LDFLAGS=''
LIBOBJS=''
LIBS=''
LIBTOOL='$(SHELL) $(top_builddir)/libtool'
LIPO=''
LN_S='ln -s'
LTLIBOBJS=''
MAKEINFO='${SHELL} /home/user/dk/libmodbus-2.0.3/missing --run makeinfo'
MKDIR_P='/bin/mkdir -p'
NM='/usr/bin/nm -B'
NMEDIT=''
OBJEXT='o'
OTOOL64=''
OTOOL=''
PACKAGE='libmodbus'
PACKAGE_BUGREPORT='stephane.raimbault@gmail.com'
PACKAGE_NAME='libmodbus'
PACKAGE_STRING='libmodbus 2.0.3'
PACKAGE_TARNAME='libmodbus'
PACKAGE_URL=''
PACKAGE_VERSION='2.0.3'
PATH_SEPARATOR=':'
RANLIB='ranlib'
SED='/bin/sed'
SET_MAKE=''
SHELL='/bin/sh'
STRIP='strip'
VERSION='2.0.3'
ac_ct_CC='gcc'
ac_ct_DUMPBIN=''
am__fastdepCC_FALSE='#'
am__fastdepCC_TRUE=''
am__include='include'
am__isrc=''
am__leading_dot='.'
am__quote=''
am__tar='${AMTAR} chof - "$$tardir"'
am__untar='${AMTAR} xf -'
bindir='${exec_prefix}/bin'
build='i686-pc-linux-gnu'
build_alias=''
build_cpu='i686'
build_os='linux-gnu'
build_vendor='pc'
datadir='${datarootdir}'
datarootdir='${prefix}/share'
docdir='${datarootdir}/doc/${PACKAGE_TARNAME}'
dvidir='${docdir}'
exec_prefix='${prefix}'
host='i686-pc-linux-gnu'
host_alias=''
host_cpu='i686'
host_os='linux-gnu'
host_vendor='pc'
htmldir='${docdir}'
includedir='${prefix}/include'
infodir='${datarootdir}/info'
install_sh='$(SHELL) /home/user/dk/libmodbus-2.0.3/install-sh'
libdir='${exec_prefix}/lib'
libexecdir='${exec_prefix}/libexec'
localedir='${datarootdir}/locale'
localstatedir='${prefix}/var'
lt_ECHO='echo'
mandir='${datarootdir}/man'
mkdir_p='/bin/mkdir -p'
oldincludedir='/usr/include'
pdfdir='${docdir}'
prefix='/usr/local'
program_transform_name='s,x,x,'
psdir='${docdir}'
sbindir='${exec_prefix}/sbin'
sharedstatedir='${prefix}/com'
sysconfdir='${prefix}/etc'
target_alias=''

## ----------- ##
## confdefs.h. ##
## ----------- ##

/* confdefs.h */
#define PACKAGE_NAME "libmodbus"
#define PACKAGE_TARNAME "libmodbus"
#define PACKAGE_VERSION "2.0.3"
#define PACKAGE_STRING "libmodbus 2.0.3"
#define PACKAGE_BUGREPORT "stephane.raimbault@gmail.com"
#define PACKAGE_URL ""
#define PACKAGE "libmodbus"
#define VERSION "2.0.3"
#define STDC_HEADERS 1
#define HAVE_SYS_TYPES_H 1
#define HAVE_SYS_STAT_H 1
#define HAVE_STDLIB_H 1
#define HAVE_STRING_H 1
#define HAVE_MEMORY_H 1
#define HAVE_STRINGS_H 1
#define HAVE_INTTYPES_H 1
#define HAVE_STDINT_H 1
#define HAVE_UNISTD_H 1
#define HAVE_DLFCN_H 1
#define LT_OBJDIR ".libs/"
#define STDC_HEADERS 1
#define HAVE_TERMIOS_H 1
#define HAVE_SYS_TIME_H 1
#define HAVE_UNISTD_H 1
#define HAVE_ERRNO_H 1
#define HAVE_LIMITS_H 1
#define HAVE_FCNTL_H 1
#define HAVE_SYS_TYPES_H 1
#define HAVE_SYS_SOCKET_H 1
#define HAVE_SYS_IOCTL_H 1
#define HAVE_NETINET_IN_H 1
#define HAVE_NETINET_IP_H 1
#define HAVE_NETINET_TCP_H 1
#define HAVE_ARPA_INET_H 1
#define TIME_WITH_SYS_TIME 1
#define HAVE_STDLIB_H 1
#define HAVE_MALLOC 1
#define HAVE_SYS_SELECT_H 1
#define HAVE_SYS_SOCKET_H 1
#define SELECT_TYPE_ARG1 int
#define SELECT_TYPE_ARG234 (fd_set *)
#define SELECT_TYPE_ARG5 (struct timeval *)
#define HAVE_INET_NTOA 1
#define HAVE_MEMSET 1
#define HAVE_SELECT 1
#define HAVE_SOCKET 1

configure: exit 0
