This file contains any messages produced by compilers while
running configure, to aid debugging if configure makes a mistake.

It was created by libmodbus configure 3.0.5, which was
generated by GNU Autoconf 2.65.  Invocation command line was

  $ ./configure 

## --------- ##
## Platform. ##
## --------- ##

hostname = localhost
uname -m = i686
uname -r = 2.6.33.5-desktop-2mnb
uname -s = Linux
uname -v = #1 SMP Thu Jun 17 21:30:10 UTC 2010

/usr/bin/uname -p = unknown
/bin/uname -X     = unknown

/bin/arch              = i686
/usr/bin/arch -k       = unknown
/usr/convex/getsysinfo = unknown
/usr/bin/hostinfo      = unknown
/bin/machine           = unknown
/usr/bin/oslevel       = unknown
/bin/universe          = unknown

PATH: /sbin
PATH: /usr/sbin
PATH: /bin
PATH: /usr/bin
PATH: /usr/X11R6/bin
PATH: /usr/local/bin
PATH: /usr/local/sbin
PATH: /usr/lib/qt4/bin


## ----------- ##
## Core tests. ##
## ----------- ##

configure:2462: checking for a BSD-compatible install
configure:2530: result: /usr/bin/install -c
configure:2541: checking whether build environment is sane
configure:2591: result: yes
configure:2732: checking for a thread-safe mkdir -p
configure:2771: result: /bin/mkdir -p
configure:2784: checking for gawk
configure:2800: found /bin/gawk
configure:2811: result: gawk
configure:2822: checking whether make sets $(MAKE)
configure:2844: result: yes
configure:2959: checking build system type
configure:2973: result: i686-pc-linux-gnu
configure:2993: checking host system type
configure:3006: result: i686-pc-linux-gnu
configure:3103: checking for gcc
configure:3119: found /usr/bin/gcc
configure:3130: result: gcc
configure:3359: checking for C compiler version
configure:3368: gcc --version >&5
gcc (GCC) 4.4.3
Copyright (C) 2010 Free Software Foundation, Inc.
This is free software; see the source for copying conditions.  There is NO
warranty; not even for MERCHANTABILITY or FITNESS FOR A PARTICULAR PURPOSE.

configure:3379: $? = 0
configure:3368: gcc -v >&5
Using built-in specs.
Target: i586-manbo-linux-gnu
Configured with: ../configure --prefix=/usr --libexecdir=/usr/lib --with-slibdir=/lib --with-bugurl=https://qa.mandriva.com/ --mandir=/usr/share/man --infodir=/usr/share/info --enable-checking=release --enable-languages=c,c++,ada,fortran,objc,obj-c++,java --build=i586-manbo-linux-gnu --host=i586-manbo-linux-gnu --with-cpu=generic --with-system-zlib --enable-threads=posix --enable-shared --enable-objc-gc --enable-long-long --enable-__cxa_atexit --disable-libunwind-exceptions --enable-clocale=gnu --enable-java-awt=gtk --with-java-home=/usr/lib/jvm/java-1.5.0-gcj-1.5.0.0/jre --with-ecj-jar=/usr/share/java/eclipse-ecj.jar --enable-gtk-cairo --disable-libjava-multilib --enable-ssp --disable-libssp --disable-werror --with-ppl --with-cloog --with-python-dir=/lib/python2.6/site-packages
Thread model: posix
gcc version 4.4.3 (GCC) 
configure:3379: $? = 0
configure:3368: gcc -V >&5
gcc: '-V' option must have argument
configure:3379: $? = 1
configure:3368: gcc -qversion >&5
gcc: unrecognized option '-qversion'
gcc: no input files
configure:3379: $? = 1
configure:3399: checking whether the C compiler works
configure:3421: gcc    conftest.c  >&5
configure:3425: $? = 0
configure:3474: result: yes
configure:3477: checking for C compiler default output file name
configure:3479: result: a.out
configure:3485: checking for suffix of executables
configure:3492: gcc -o conftest    conftest.c  >&5
configure:3496: $? = 0
configure:3518: result: 
configure:3540: checking whether we are cross compiling
configure:3548: gcc -o conftest    conftest.c  >&5
configure:3552: $? = 0
configure:3559: ./conftest
configure:3563: $? = 0
configure:3578: result: no
configure:3583: checking for suffix of object files
configure:3605: gcc -c   conftest.c >&5
configure:3609: $? = 0
configure:3630: result: o
configure:3634: checking whether we are using the GNU C compiler
configure:3653: gcc -c   conftest.c >&5
configure:3653: $? = 0
configure:3662: result: yes
configure:3671: checking whether gcc accepts -g
configure:3691: gcc -c -g  conftest.c >&5
configure:3691: $? = 0
configure:3732: result: yes
configure:3749: checking for gcc option to accept ISO C89
configure:3813: gcc  -c -g -O2  conftest.c >&5
configure:3813: $? = 0
configure:3826: result: none needed
configure:3857: checking for style of include used by make
configure:3885: result: GNU
configure:3910: checking dependency style of gcc
configure:4020: result: gcc3
configure:4093: checking for g++
configure:4109: found /usr/bin/g++
configure:4120: result: g++
configure:4147: checking for C++ compiler version
configure:4156: g++ --version >&5
g++ (GCC) 4.4.3
Copyright (C) 2010 Free Software Foundation, Inc.
This is free software; see the source for copying conditions.  There is NO
warranty; not even for MERCHANTABILITY or FITNESS FOR A PARTICULAR PURPOSE.

configure:4167: $? = 0
configure:4156: g++ -v >&5
Using built-in specs.
Target: i586-manbo-linux-gnu
Configured with: ../configure --prefix=/usr --libexecdir=/usr/lib --with-slibdir=/lib --with-bugurl=https://qa.mandriva.com/ --mandir=/usr/share/man --infodir=/usr/share/info --enable-checking=release --enable-languages=c,c++,ada,fortran,objc,obj-c++,java --build=i586-manbo-linux-gnu --host=i586-manbo-linux-gnu --with-cpu=generic --with-system-zlib --enable-threads=posix --enable-shared --enable-objc-gc --enable-long-long --enable-__cxa_atexit --disable-libunwind-exceptions --enable-clocale=gnu --enable-java-awt=gtk --with-java-home=/usr/lib/jvm/java-1.5.0-gcj-1.5.0.0/jre --with-ecj-jar=/usr/share/java/eclipse-ecj.jar --enable-gtk-cairo --disable-libjava-multilib --enable-ssp --disable-libssp --disable-werror --with-ppl --with-cloog --with-python-dir=/lib/python2.6/site-packages
Thread model: posix
gcc version 4.4.3 (GCC) 
configure:4167: $? = 0
configure:4156: g++ -V >&5
g++: '-V' option must have argument
configure:4167: $? = 1
configure:4156: g++ -qversion >&5
g++: unrecognized option '-qversion'
g++: no input files
configure:4167: $? = 1
configure:4171: checking whether we are using the GNU C++ compiler
configure:4190: g++ -c   conftest.cpp >&5
configure:4190: $? = 0
configure:4199: result: yes
configure:4208: checking whether g++ accepts -g
configure:4228: g++ -c -g  conftest.cpp >&5
configure:4228: $? = 0
configure:4269: result: yes
configure:4294: checking dependency style of g++
configure:4404: result: gcc3
configure:4419: checking whether make sets $(MAKE)
configure:4441: result: yes
configure:4496: checking how to print strings
configure:4523: result: printf
configure:4544: checking for a sed that does not truncate output
configure:4608: result: /bin/sed
configure:4626: checking for grep that handles long lines and -e
configure:4684: result: /bin/grep
configure:4689: checking for egrep
configure:4751: result: /bin/grep -E
configure:4756: checking for fgrep
configure:4818: result: /bin/grep -F
configure:4853: checking for ld used by gcc
configure:4920: result: /usr/bin/ld
configure:4927: checking if the linker (/usr/bin/ld) is GNU ld
configure:4942: result: yes
configure:4954: checking for BSD- or MS-compatible name lister (nm)
configure:5003: result: /usr/bin/nm -B
configure:5133: checking the name lister (/usr/bin/nm -B) interface
configure:5140: gcc -c -g -O2  conftest.c >&5
configure:5143: /usr/bin/nm -B "conftest.o"
configure:5146: output
00000000 B some_variable
configure:5153: result: BSD nm
configure:5156: checking whether ln -s works
configure:5160: result: yes
configure:5168: checking the maximum length of command line arguments
configure:5298: result: 1572864
configure:5315: checking whether the shell understands some XSI constructs
configure:5325: result: yes
configure:5329: checking whether the shell understands "+="
configure:5335: result: yes
configure:5370: checking how to convert i686-pc-linux-gnu file names to i686-pc-linux-gnu format
configure:5410: result: func_convert_file_noop
configure:5417: checking how to convert i686-pc-linux-gnu file names to toolchain format
configure:5437: result: func_convert_file_noop
configure:5444: checking for /usr/bin/ld option to reload object files
configure:5451: result: -r
configure:5525: checking for objdump
configure:5541: found /usr/bin/objdump
configure:5552: result: objdump
configure:5581: checking how to recognize dependent libraries
configure:5783: result: pass_all
configure:5868: checking for dlltool
configure:5898: result: no
configure:5925: checking how to associate runtime and link libraries
configure:5952: result: printf %s\n
configure:6013: checking for ar
configure:6029: found /usr/bin/ar
configure:6040: result: ar
configure:6077: checking for archiver @FILE support
configure:6094: gcc -c -g -O2  conftest.c >&5
configure:6094: $? = 0
configure:6097: ar cru libconftest.a @conftest.lst >&5
configure:6100: $? = 0
configure:6105: ar cru libconftest.a @conftest.lst >&5
ar: conftest.o: No such file or directory
configure:6108: $? = 1
configure:6120: result: @
configure:6178: checking for strip
configure:6194: found /usr/bin/strip
configure:6205: result: strip
configure:6277: checking for ranlib
configure:6293: found /usr/bin/ranlib
configure:6304: result: ranlib
configure:6406: checking command to parse /usr/bin/nm -B output from gcc object
configure:6526: gcc -c -g -O2  conftest.c >&5
configure:6529: $? = 0
configure:6533: /usr/bin/nm -B conftest.o \| sed -n -e 's/^.*[ ]\([ABCDGIRSTW][ABCDGIRSTW]*\)[ ][ ]*\([_A-Za-z][_A-Za-z0-9]*\)$/\1 \2 \2/p' | sed '/ __gnu_lto/d' \> conftest.nm
configure:6536: $? = 0
configure:6602: gcc -o conftest -g -O2   conftest.c conftstm.o >&5
configure:6605: $? = 0
configure:6643: result: ok
configure:6680: checking for sysroot
configure:6710: result: no
configure:6966: checking for mt
configure:6996: result: no
configure:7016: checking if : is a manifest tool
configure:7022: : '-?'
configure:7030: result: no
configure:7672: checking how to run the C preprocessor
configure:7703: gcc -E  conftest.c
configure:7703: $? = 0
configure:7717: gcc -E  conftest.c
conftest.c:11:28: error: ac_nonexistent.h: No such file or directory
configure:7717: $? = 1
configure: failed program was:
| /* confdefs.h */
| #define PACKAGE_NAME "libmodbus"
| #define PACKAGE_TARNAME "libmodbus"
| #define PACKAGE_VERSION "3.0.5"
| #define PACKAGE_STRING "libmodbus 3.0.5"
| #define PACKAGE_BUGREPORT "https://github.com/stephane/libmodbus/issues"
| #define PACKAGE_URL ""
| #define PACKAGE "libmodbus"
| #define VERSION "3.0.5"
| /* end confdefs.h.  */
| #include <ac_nonexistent.h>
configure:7742: result: gcc -E
configure:7762: gcc -E  conftest.c
configure:7762: $? = 0
configure:7776: gcc -E  conftest.c
conftest.c:11:28: error: ac_nonexistent.h: No such file or directory
configure:7776: $? = 1
configure: failed program was:
| /* confdefs.h */
| #define PACKAGE_NAME "libmodbus"
| #define PACKAGE_TARNAME "libmodbus"
| #define PACKAGE_VERSION "3.0.5"
| #define PACKAGE_STRING "libmodbus 3.0.5"
| #define PACKAGE_BUGREPORT "https://github.com/stephane/libmodbus/issues"
| #define PACKAGE_URL ""
| #define PACKAGE "libmodbus"
| #define VERSION "3.0.5"
| /* end confdefs.h.  */
| #include <ac_nonexistent.h>
configure:7805: checking for ANSI C header files
configure:7825: gcc -c -g -O2  conftest.c >&5
configure:7825: $? = 0
configure:7898: gcc -o conftest -g -O2   conftest.c  >&5
configure:7898: $? = 0
configure:7898: ./conftest
configure:7898: $? = 0
configure:7909: result: yes
configure:7922: checking for sys/types.h
configure:7922: gcc -c -g -O2  conftest.c >&5
configure:7922: $? = 0
configure:7922: result: yes
configure:7922: checking for sys/stat.h
configure:7922: gcc -c -g -O2  conftest.c >&5
configure:7922: $? = 0
configure:7922: result: yes
configure:7922: checking for stdlib.h
configure:7922: gcc -c -g -O2  conftest.c >&5
configure:7922: $? = 0
configure:7922: result: yes
configure:7922: checking for string.h
configure:7922: gcc -c -g -O2  conftest.c >&5
configure:7922: $? = 0
configure:7922: result: yes
configure:7922: checking for memory.h
configure:7922: gcc -c -g -O2  conftest.c >&5
configure:7922: $? = 0
configure:7922: result: yes
configure:7922: checking for strings.h
configure:7922: gcc -c -g -O2  conftest.c >&5
configure:7922: $? = 0
configure:7922: result: yes
configure:7922: checking for inttypes.h
configure:7922: gcc -c -g -O2  conftest.c >&5
configure:7922: $? = 0
configure:7922: result: yes
configure:7922: checking for stdint.h
configure:7922: gcc -c -g -O2  conftest.c >&5
configure:7922: $? = 0
configure:7922: result: yes
configure:7922: checking for unistd.h
configure:7922: gcc -c -g -O2  conftest.c >&5
configure:7922: $? = 0
configure:7922: result: yes
configure:7937: checking for dlfcn.h
configure:7937: gcc -c -g -O2  conftest.c >&5
configure:7937: $? = 0
configure:7937: result: yes
configure:8451: checking for objdir
configure:8466: result: .libs
configure:8737: checking if gcc supports -fno-rtti -fno-exceptions
configure:8755: gcc -c -g -O2  -fno-rtti -fno-exceptions conftest.c >&5
cc1: warning: command line option "-fno-rtti" is valid for C++/ObjC++ but not for C
configure:8759: $? = 0
configure:8772: result: no
configure:9099: checking for gcc option to produce PIC
configure:9106: result: -fPIC -DPIC
configure:9114: checking if gcc PIC flag -fPIC -DPIC works
configure:9132: gcc -c -g -O2  -fPIC -DPIC -DPIC conftest.c >&5
configure:9136: $? = 0
configure:9149: result: yes
configure:9178: checking if gcc static flag -static works
configure:9206: result: no
configure:9221: checking if gcc supports -c -o file.o
configure:9242: gcc -c -g -O2  -o out/conftest2.o conftest.c >&5
configure:9246: $? = 0
configure:9268: result: yes
configure:9276: checking if gcc supports -c -o file.o
configure:9323: result: yes
configure:9356: checking whether the gcc linker (/usr/bin/ld) supports shared libraries
configure:10509: result: yes
configure:10546: checking whether -lc should be explicitly linked in
configure:10554: gcc -c -g -O2  conftest.c >&5
configure:10557: $? = 0
configure:10572: gcc -shared  -fPIC -DPIC conftest.o  -v -Wl,-soname -Wl,conftest -o conftest 2\>\&1 \| /bin/grep  -lc  \>/dev/null 2\>\&1
configure:10575: $? = 0
configure:10589: result: no
configure:10749: checking dynamic linker characteristics
configure:11260: gcc -o conftest -g -O2   -Wl,-rpath -Wl,/foo conftest.c  >&5
configure:11260: $? = 0
configure:11486: result: GNU/Linux ld.so
configure:11593: checking how to hardcode library paths into programs
configure:11618: result: immediate
configure:12158: checking whether stripping libraries is possible
configure:12163: result: yes
configure:12198: checking if libtool supports shared libraries
configure:12200: result: yes
configure:12203: checking whether to build shared libraries
configure:12224: result: yes
configure:12227: checking whether to build static libraries
configure:12231: result: no
configure:12254: checking how to run the C++ preprocessor
configure:12281: g++ -E  conftest.cpp
configure:12281: $? = 0
configure:12295: g++ -E  conftest.cpp
conftest.cpp:23:28: error: ac_nonexistent.h: No such file or directory
configure:12295: $? = 1
configure: failed program was:
| /* confdefs.h */
| #define PACKAGE_NAME "libmodbus"
| #define PACKAGE_TARNAME "libmodbus"
| #define PACKAGE_VERSION "3.0.5"
| #define PACKAGE_STRING "libmodbus 3.0.5"
| #define PACKAGE_BUGREPORT "https://github.com/stephane/libmodbus/issues"
| #define PACKAGE_URL ""
| #define PACKAGE "libmodbus"
| #define VERSION "3.0.5"
| #define STDC_HEADERS 1
| #define HAVE_SYS_TYPES_H 1
| #define HAVE_SYS_STAT_H 1
| #define HAVE_STDLIB_H 1
| #define HAVE_STRING_H 1
| #define HAVE_MEMORY_H 1
| #define HAVE_STRINGS_H 1
| #define HAVE_INTTYPES_H 1
| #define HAVE_STDINT_H 1
| #define HAVE_UNISTD_H 1
| #define HAVE_DLFCN_H 1
| #define LT_OBJDIR ".libs/"
| /* end confdefs.h.  */
| #include <ac_nonexistent.h>
configure:12320: result: g++ -E
configure:12340: g++ -E  conftest.cpp
configure:12340: $? = 0
configure:12354: g++ -E  conftest.cpp
conftest.cpp:23:28: error: ac_nonexistent.h: No such file or directory
configure:12354: $? = 1
configure: failed program was:
| /* confdefs.h */
| #define PACKAGE_NAME "libmodbus"
| #define PACKAGE_TARNAME "libmodbus"
| #define PACKAGE_VERSION "3.0.5"
| #define PACKAGE_STRING "libmodbus 3.0.5"
| #define PACKAGE_BUGREPORT "https://github.com/stephane/libmodbus/issues"
| #define PACKAGE_URL ""
| #define PACKAGE "libmodbus"
| #define VERSION "3.0.5"
| #define STDC_HEADERS 1
| #define HAVE_SYS_TYPES_H 1
| #define HAVE_SYS_STAT_H 1
| #define HAVE_STDLIB_H 1
| #define HAVE_STRING_H 1
| #define HAVE_MEMORY_H 1
| #define HAVE_STRINGS_H 1
| #define HAVE_INTTYPES_H 1
| #define HAVE_STDINT_H 1
| #define HAVE_UNISTD_H 1
| #define HAVE_DLFCN_H 1
| #define LT_OBJDIR ".libs/"
| /* end confdefs.h.  */
| #include <ac_nonexistent.h>
configure:12523: checking for ld used by g++
configure:12590: result: /usr/bin/ld
configure:12597: checking if the linker (/usr/bin/ld) is GNU ld
configure:12612: result: yes
configure:12667: checking whether the g++ linker (/usr/bin/ld) supports shared libraries
configure:13672: result: yes
configure:13708: g++ -c -g -O2  conftest.cpp >&5
configure:13711: $? = 0
configure:14231: checking for g++ option to produce PIC
configure:14238: result: -fPIC -DPIC
configure:14246: checking if g++ PIC flag -fPIC -DPIC works
configure:14264: g++ -c -g -O2  -fPIC -DPIC -DPIC conftest.cpp >&5
configure:14268: $? = 0
configure:14281: result: yes
configure:14304: checking if g++ static flag -static works
configure:14332: result: no
configure:14344: checking if g++ supports -c -o file.o
configure:14365: g++ -c -g -O2  -o out/conftest2.o conftest.cpp >&5
configure:14369: $? = 0
configure:14391: result: yes
configure:14396: checking if g++ supports -c -o file.o
configure:14443: result: yes
configure:14473: checking whether the g++ linker (/usr/bin/ld) supports shared libraries
configure:14509: result: yes
configure:14650: checking dynamic linker characteristics
configure:15321: result: GNU/Linux ld.so
configure:15374: checking how to hardcode library paths into programs
configure:15399: result: immediate
configure:15479: checking termios.h usability
configure:15479: gcc -c -g -O2  conftest.c >&5
configure:15479: $? = 0
configure:15479: result: yes
configure:15479: checking termios.h presence
configure:15479: gcc -E  conftest.c
configure:15479: $? = 0
configure:15479: result: yes
configure:15479: checking for termios.h
configure:15479: result: yes
configure:15479: checking sys/time.h usability
configure:15479: gcc -c -g -O2  conftest.c >&5
configure:15479: $? = 0
configure:15479: result: yes
configure:15479: checking sys/time.h presence
configure:15479: gcc -E  conftest.c
configure:15479: $? = 0
configure:15479: result: yes
configure:15479: checking for sys/time.h
configure:15479: result: yes
configure:15479: checking time.h usability
configure:15479: gcc -c -g -O2  conftest.c >&5
configure:15479: $? = 0
configure:15479: result: yes
configure:15479: checking time.h presence
configure:15479: gcc -E  conftest.c
configure:15479: $? = 0
configure:15479: result: yes
configure:15479: checking for time.h
configure:15479: result: yes
configure:15479: checking for unistd.h
configure:15479: result: yes
configure:15479: checking errno.h usability
configure:15479: gcc -c -g -O2  conftest.c >&5
configure:15479: $? = 0
configure:15479: result: yes
configure:15479: checking errno.h presence
configure:15479: gcc -E  conftest.c
configure:15479: $? = 0
configure:15479: result: yes
configure:15479: checking for errno.h
configure:15479: result: yes
configure:15479: checking limits.h usability
configure:15479: gcc -c -g -O2  conftest.c >&5
configure:15479: $? = 0
configure:15479: result: yes
configure:15479: checking limits.h presence
configure:15479: gcc -E  conftest.c
configure:15479: $? = 0
configure:15479: result: yes
configure:15479: checking for limits.h
configure:15479: result: yes
configure:15479: checking fcntl.h usability
configure:15479: gcc -c -g -O2  conftest.c >&5
configure:15479: $? = 0
configure:15479: result: yes
configure:15479: checking fcntl.h presence
configure:15479: gcc -E  conftest.c
configure:15479: $? = 0
configure:15479: result: yes
configure:15479: checking for fcntl.h
configure:15479: result: yes
configure:15479: checking for sys/types.h
configure:15479: result: yes
configure:15479: checking sys/socket.h usability
configure:15479: gcc -c -g -O2  conftest.c >&5
configure:15479: $? = 0
configure:15479: result: yes
configure:15479: checking sys/socket.h presence
configure:15479: gcc -E  conftest.c
configure:15479: $? = 0
configure:15479: result: yes
configure:15479: checking for sys/socket.h
configure:15479: result: yes
configure:15479: checking sys/ioctl.h usability
configure:15479: gcc -c -g -O2  conftest.c >&5
configure:15479: $? = 0
configure:15479: result: yes
configure:15479: checking sys/ioctl.h presence
configure:15479: gcc -E  conftest.c
configure:15479: $? = 0
configure:15479: result: yes
configure:15479: checking for sys/ioctl.h
configure:15479: result: yes
configure:15479: checking netinet/in.h usability
configure:15479: gcc -c -g -O2  conftest.c >&5
configure:15479: $? = 0
configure:15479: result: yes
configure:15479: checking netinet/in.h presence
configure:15479: gcc -E  conftest.c
configure:15479: $? = 0
configure:15479: result: yes
configure:15479: checking for netinet/in.h
configure:15479: result: yes
configure:15479: checking netinet/tcp.h usability
configure:15479: gcc -c -g -O2  conftest.c >&5
configure:15479: $? = 0
configure:15479: result: yes
configure:15479: checking netinet/tcp.h presence
configure:15479: gcc -E  conftest.c
configure:15479: $? = 0
configure:15479: result: yes
configure:15479: checking for netinet/tcp.h
configure:15479: result: yes
configure:15479: checking arpa/inet.h usability
configure:15479: gcc -c -g -O2  conftest.c >&5
configure:15479: $? = 0
configure:15479: result: yes
configure:15479: checking arpa/inet.h presence
configure:15479: gcc -E  conftest.c
configure:15479: $? = 0
configure:15479: result: yes
configure:15479: checking for arpa/inet.h
configure:15479: result: yes
configure:15479: checking netdb.h usability
configure:15479: gcc -c -g -O2  conftest.c >&5
configure:15479: $? = 0
configure:15479: result: yes
configure:15479: checking netdb.h presence
configure:15479: gcc -E  conftest.c
configure:15479: $? = 0
configure:15479: result: yes
configure:15479: checking for netdb.h
configure:15479: result: yes
configure:15479: checking linux/serial.h usability
configure:15479: gcc -c -g -O2  conftest.c >&5
configure:15479: $? = 0
configure:15479: result: yes
configure:15479: checking linux/serial.h presence
configure:15479: gcc -E  conftest.c
configure:15479: $? = 0
configure:15479: result: yes
configure:15479: checking for linux/serial.h
configure:15479: result: yes
configure:15511: checking for asciidoc
configure:15539: result: no
configure:15549: checking for xmlto
configure:15577: result: no
configure:15603: checking whether to build documentation
configure:15605: result: no
configure:15608: checking whether to install manpages
configure:15610: result: yes
configure:15632: checking for ANSI C header files
configure:15736: result: yes
configure:15746: checking for an ANSI C-conforming const
configure:15811: gcc -c -g -O2  conftest.c >&5
configure:15811: $? = 0
configure:15818: result: yes
configure:15826: checking for size_t
configure:15826: gcc -c -g -O2  conftest.c >&5
configure:15826: $? = 0
configure:15826: gcc -c -g -O2  conftest.c >&5
conftest.c: In function 'main':
conftest.c:75: error: expected expression before ')' token
configure:15826: $? = 1
configure: failed program was:
| /* confdefs.h */
| #define PACKAGE_NAME "libmodbus"
| #define PACKAGE_TARNAME "libmodbus"
| #define PACKAGE_VERSION "3.0.5"
| #define PACKAGE_STRING "libmodbus 3.0.5"
| #define PACKAGE_BUGREPORT "https://github.com/stephane/libmodbus/issues"
| #define PACKAGE_URL ""
| #define PACKAGE "libmodbus"
| #define VERSION "3.0.5"
| #define STDC_HEADERS 1
| #define HAVE_SYS_TYPES_H 1
| #define HAVE_SYS_STAT_H 1
| #define HAVE_STDLIB_H 1
| #define HAVE_STRING_H 1
| #define HAVE_MEMORY_H 1
| #define HAVE_STRINGS_H 1
| #define HAVE_INTTYPES_H 1
| #define HAVE_STDINT_H 1
| #define HAVE_UNISTD_H 1
| #define HAVE_DLFCN_H 1
| #define LT_OBJDIR ".libs/"
| #define HAVE_TERMIOS_H 1
| #define HAVE_SYS_TIME_H 1
| #define HAVE_TIME_H 1
| #define HAVE_UNISTD_H 1
| #define HAVE_ERRNO_H 1
| #define HAVE_LIMITS_H 1
| #define HAVE_FCNTL_H 1
| #define HAVE_SYS_TYPES_H 1
| #define HAVE_SYS_SOCKET_H 1
| #define HAVE_SYS_IOCTL_H 1
| #define HAVE_NETINET_IN_H 1
| #define HAVE_NETINET_TCP_H 1
| #define HAVE_ARPA_INET_H 1
| #define HAVE_NETDB_H 1
| #define HAVE_LINUX_SERIAL_H 1
| #define STDC_HEADERS 1
| /* end confdefs.h.  */
| #include <stdio.h>
| #ifdef HAVE_SYS_TYPES_H
| # include <sys/types.h>
| #endif
| #ifdef HAVE_SYS_STAT_H
| # include <sys/stat.h>
| #endif
| #ifdef STDC_HEADERS
| # include <stdlib.h>
| # include <stddef.h>
| #else
| # ifdef HAVE_STDLIB_H
| #  include <stdlib.h>
| # endif
| #endif
| #ifdef HAVE_STRING_H
| # if !defined STDC_HEADERS && defined HAVE_MEMORY_H
| #  include <memory.h>
| # endif
| # include <string.h>
| #endif
| #ifdef HAVE_STRINGS_H
| # include <strings.h>
| #endif
| #ifdef HAVE_INTTYPES_H
| # include <inttypes.h>
| #endif
| #ifdef HAVE_STDINT_H
| # include <stdint.h>
| #endif
| #ifdef HAVE_UNISTD_H
| # include <unistd.h>
| #endif
| int
| main ()
| {
| if (sizeof ((size_t)))
| 	    return 0;
|   ;
|   return 0;
| }
configure:15826: result: yes
configure:15837: checking whether time.h and sys/time.h may both be included
configure:15857: gcc -c -g -O2  conftest.c >&5
configure:15857: $? = 0
configure:15864: result: yes
configure:15879: checking whether __CYGWIN__ is declared
configure:15879: gcc -c -g -O2  conftest.c >&5
conftest.c: In function 'main':
conftest.c:77: error: '__CYGWIN__' undeclared (first use in this function)
conftest.c:77: error: (Each undeclared identifier is reported only once
conftest.c:77: error: for each function it appears in.)
configure:15879: $? = 1
configure: failed program was:
| /* confdefs.h */
| #define PACKAGE_NAME "libmodbus"
| #define PACKAGE_TARNAME "libmodbus"
| #define PACKAGE_VERSION "3.0.5"
| #define PACKAGE_STRING "libmodbus 3.0.5"
| #define PACKAGE_BUGREPORT "https://github.com/stephane/libmodbus/issues"
| #define PACKAGE_URL ""
| #define PACKAGE "libmodbus"
| #define VERSION "3.0.5"
| #define STDC_HEADERS 1
| #define HAVE_SYS_TYPES_H 1
| #define HAVE_SYS_STAT_H 1
| #define HAVE_STDLIB_H 1
| #define HAVE_STRING_H 1
| #define HAVE_MEMORY_H 1
| #define HAVE_STRINGS_H 1
| #define HAVE_INTTYPES_H 1
| #define HAVE_STDINT_H 1
| #define HAVE_UNISTD_H 1
| #define HAVE_DLFCN_H 1
| #define LT_OBJDIR ".libs/"
| #define HAVE_TERMIOS_H 1
| #define HAVE_SYS_TIME_H 1
| #define HAVE_TIME_H 1
| #define HAVE_UNISTD_H 1
| #define HAVE_ERRNO_H 1
| #define HAVE_LIMITS_H 1
| #define HAVE_FCNTL_H 1
| #define HAVE_SYS_TYPES_H 1
| #define HAVE_SYS_SOCKET_H 1
| #define HAVE_SYS_IOCTL_H 1
| #define HAVE_NETINET_IN_H 1
| #define HAVE_NETINET_TCP_H 1
| #define HAVE_ARPA_INET_H 1
| #define HAVE_NETDB_H 1
| #define HAVE_LINUX_SERIAL_H 1
| #define STDC_HEADERS 1
| #define TIME_WITH_SYS_TIME 1
| /* end confdefs.h.  */
| #include <stdio.h>
| #ifdef HAVE_SYS_TYPES_H
| # include <sys/types.h>
| #endif
| #ifdef HAVE_SYS_STAT_H
| # include <sys/stat.h>
| #endif
| #ifdef STDC_HEADERS
| # include <stdlib.h>
| # include <stddef.h>
| #else
| # ifdef HAVE_STDLIB_H
| #  include <stdlib.h>
| # endif
| #endif
| #ifdef HAVE_STRING_H
| # if !defined STDC_HEADERS && defined HAVE_MEMORY_H
| #  include <memory.h>
| # endif
| # include <string.h>
| #endif
| #ifdef HAVE_STRINGS_H
| # include <strings.h>
| #endif
| #ifdef HAVE_INTTYPES_H
| # include <inttypes.h>
| #endif
| #ifdef HAVE_STDINT_H
| # include <stdint.h>
| #endif
| #ifdef HAVE_UNISTD_H
| # include <unistd.h>
| #endif
| int
| main ()
| {
| #ifndef __CYGWIN__
|   (void) __CYGWIN__;
| #endif
| 
|   ;
|   return 0;
| }
configure:15879: result: no
configure:15892: checking for pid_t
configure:15892: gcc -c -g -O2  conftest.c >&5
configure:15892: $? = 0
configure:15892: gcc -c -g -O2  conftest.c >&5
conftest.c: In function 'main':
conftest.c:77: error: expected expression before ')' token
configure:15892: $? = 1
configure: failed program was:
| /* confdefs.h */
| #define PACKAGE_NAME "libmodbus"
| #define PACKAGE_TARNAME "libmodbus"
| #define PACKAGE_VERSION "3.0.5"
| #define PACKAGE_STRING "libmodbus 3.0.5"
| #define PACKAGE_BUGREPORT "https://github.com/stephane/libmodbus/issues"
| #define PACKAGE_URL ""
| #define PACKAGE "libmodbus"
| #define VERSION "3.0.5"
| #define STDC_HEADERS 1
| #define HAVE_SYS_TYPES_H 1
| #define HAVE_SYS_STAT_H 1
| #define HAVE_STDLIB_H 1
| #define HAVE_STRING_H 1
| #define HAVE_MEMORY_H 1
| #define HAVE_STRINGS_H 1
| #define HAVE_INTTYPES_H 1
| #define HAVE_STDINT_H 1
| #define HAVE_UNISTD_H 1
| #define HAVE_DLFCN_H 1
| #define LT_OBJDIR ".libs/"
| #define HAVE_TERMIOS_H 1
| #define HAVE_SYS_TIME_H 1
| #define HAVE_TIME_H 1
| #define HAVE_UNISTD_H 1
| #define HAVE_ERRNO_H 1
| #define HAVE_LIMITS_H 1
| #define HAVE_FCNTL_H 1
| #define HAVE_SYS_TYPES_H 1
| #define HAVE_SYS_SOCKET_H 1
| #define HAVE_SYS_IOCTL_H 1
| #define HAVE_NETINET_IN_H 1
| #define HAVE_NETINET_TCP_H 1
| #define HAVE_ARPA_INET_H 1
| #define HAVE_NETDB_H 1
| #define HAVE_LINUX_SERIAL_H 1
| #define STDC_HEADERS 1
| #define TIME_WITH_SYS_TIME 1
| #define HAVE_DECL___CYGWIN__ 0
| /* end confdefs.h.  */
| #include <stdio.h>
| #ifdef HAVE_SYS_TYPES_H
| # include <sys/types.h>
| #endif
| #ifdef HAVE_SYS_STAT_H
| # include <sys/stat.h>
| #endif
| #ifdef STDC_HEADERS
| # include <stdlib.h>
| # include <stddef.h>
| #else
| # ifdef HAVE_STDLIB_H
| #  include <stdlib.h>
| # endif
| #endif
| #ifdef HAVE_STRING_H
| # if !defined STDC_HEADERS && defined HAVE_MEMORY_H
| #  include <memory.h>
| # endif
| # include <string.h>
| #endif
| #ifdef HAVE_STRINGS_H
| # include <strings.h>
| #endif
| #ifdef HAVE_INTTYPES_H
| # include <inttypes.h>
| #endif
| #ifdef HAVE_STDINT_H
| # include <stdint.h>
| #endif
| #ifdef HAVE_UNISTD_H
| # include <unistd.h>
| #endif
| int
| main ()
| {
| if (sizeof ((pid_t)))
| 	    return 0;
|   ;
|   return 0;
| }
configure:15892: result: yes
configure:15905: checking vfork.h usability
configure:15905: gcc -c -g -O2  conftest.c >&5
conftest.c:74:19: error: vfork.h: No such file or directory
configure:15905: $? = 1
configure: failed program was:
| /* confdefs.h */
| #define PACKAGE_NAME "libmodbus"
| #define PACKAGE_TARNAME "libmodbus"
| #define PACKAGE_VERSION "3.0.5"
| #define PACKAGE_STRING "libmodbus 3.0.5"
| #define PACKAGE_BUGREPORT "https://github.com/stephane/libmodbus/issues"
| #define PACKAGE_URL ""
| #define PACKAGE "libmodbus"
| #define VERSION "3.0.5"
| #define STDC_HEADERS 1
| #define HAVE_SYS_TYPES_H 1
| #define HAVE_SYS_STAT_H 1
| #define HAVE_STDLIB_H 1
| #define HAVE_STRING_H 1
| #define HAVE_MEMORY_H 1
| #define HAVE_STRINGS_H 1
| #define HAVE_INTTYPES_H 1
| #define HAVE_STDINT_H 1
| #define HAVE_UNISTD_H 1
| #define HAVE_DLFCN_H 1
| #define LT_OBJDIR ".libs/"
| #define HAVE_TERMIOS_H 1
| #define HAVE_SYS_TIME_H 1
| #define HAVE_TIME_H 1
| #define HAVE_UNISTD_H 1
| #define HAVE_ERRNO_H 1
| #define HAVE_LIMITS_H 1
| #define HAVE_FCNTL_H 1
| #define HAVE_SYS_TYPES_H 1
| #define HAVE_SYS_SOCKET_H 1
| #define HAVE_SYS_IOCTL_H 1
| #define HAVE_NETINET_IN_H 1
| #define HAVE_NETINET_TCP_H 1
| #define HAVE_ARPA_INET_H 1
| #define HAVE_NETDB_H 1
| #define HAVE_LINUX_SERIAL_H 1
| #define STDC_HEADERS 1
| #define TIME_WITH_SYS_TIME 1
| #define HAVE_DECL___CYGWIN__ 0
| /* end confdefs.h.  */
| #include <stdio.h>
| #ifdef HAVE_SYS_TYPES_H
| # include <sys/types.h>
| #endif
| #ifdef HAVE_SYS_STAT_H
| # include <sys/stat.h>
| #endif
| #ifdef STDC_HEADERS
| # include <stdlib.h>
| # include <stddef.h>
| #else
| # ifdef HAVE_STDLIB_H
| #  include <stdlib.h>
| # endif
| #endif
| #ifdef HAVE_STRING_H
| # if !defined STDC_HEADERS && defined HAVE_MEMORY_H
| #  include <memory.h>
| # endif
| # include <string.h>
| #endif
| #ifdef HAVE_STRINGS_H
| # include <strings.h>
| #endif
| #ifdef HAVE_INTTYPES_H
| # include <inttypes.h>
| #endif
| #ifdef HAVE_STDINT_H
| # include <stdint.h>
| #endif
| #ifdef HAVE_UNISTD_H
| # include <unistd.h>
| #endif
| #include <vfork.h>
configure:15905: result: no
configure:15905: checking vfork.h presence
configure:15905: gcc -E  conftest.c
conftest.c:41:19: error: vfork.h: No such file or directory
configure:15905: $? = 1
configure: failed program was:
| /* confdefs.h */
| #define PACKAGE_NAME "libmodbus"
| #define PACKAGE_TARNAME "libmodbus"
| #define PACKAGE_VERSION "3.0.5"
| #define PACKAGE_STRING "libmodbus 3.0.5"
| #define PACKAGE_BUGREPORT "https://github.com/stephane/libmodbus/issues"
| #define PACKAGE_URL ""
| #define PACKAGE "libmodbus"
| #define VERSION "3.0.5"
| #define STDC_HEADERS 1
| #define HAVE_SYS_TYPES_H 1
| #define HAVE_SYS_STAT_H 1
| #define HAVE_STDLIB_H 1
| #define HAVE_STRING_H 1
| #define HAVE_MEMORY_H 1
| #define HAVE_STRINGS_H 1
| #define HAVE_INTTYPES_H 1
| #define HAVE_STDINT_H 1
| #define HAVE_UNISTD_H 1
| #define HAVE_DLFCN_H 1
| #define LT_OBJDIR ".libs/"
| #define HAVE_TERMIOS_H 1
| #define HAVE_SYS_TIME_H 1
| #define HAVE_TIME_H 1
| #define HAVE_UNISTD_H 1
| #define HAVE_ERRNO_H 1
| #define HAVE_LIMITS_H 1
| #define HAVE_FCNTL_H 1
| #define HAVE_SYS_TYPES_H 1
| #define HAVE_SYS_SOCKET_H 1
| #define HAVE_SYS_IOCTL_H 1
| #define HAVE_NETINET_IN_H 1
| #define HAVE_NETINET_TCP_H 1
| #define HAVE_ARPA_INET_H 1
| #define HAVE_NETDB_H 1
| #define HAVE_LINUX_SERIAL_H 1
| #define STDC_HEADERS 1
| #define TIME_WITH_SYS_TIME 1
| #define HAVE_DECL___CYGWIN__ 0
| /* end confdefs.h.  */
| #include <vfork.h>
configure:15905: result: no
configure:15905: checking for vfork.h
configure:15905: result: no
configure:15918: checking for fork
configure:15918: gcc -o conftest -g -O2   conftest.c  >&5
conftest.c:64: warning: conflicting types for built-in function 'fork'
configure:15918: $? = 0
configure:15918: result: yes
configure:15918: checking for vfork
configure:15918: gcc -o conftest -g -O2   conftest.c  >&5
configure:15918: $? = 0
configure:15918: result: yes
configure:15929: checking for working fork
configure:15951: gcc -o conftest -g -O2   conftest.c  >&5
configure:15951: $? = 0
configure:15951: ./conftest
configure:15951: $? = 0
configure:15961: result: yes
configure:15982: checking for working vfork
configure:16092: result: yes
configure:16120: checking for gettimeofday
configure:16120: gcc -o conftest -g -O2   conftest.c  >&5
configure:16120: $? = 0
configure:16120: result: yes
configure:16120: checking for inet_ntoa
configure:16120: gcc -o conftest -g -O2   conftest.c  >&5
configure:16120: $? = 0
configure:16120: result: yes
configure:16120: checking for memset
configure:16120: gcc -o conftest -g -O2   conftest.c  >&5
conftest.c:70: warning: conflicting types for built-in function 'memset'
configure:16120: $? = 0
configure:16120: result: yes
configure:16120: checking for select
configure:16120: gcc -o conftest -g -O2   conftest.c  >&5
configure:16120: $? = 0
configure:16120: result: yes
configure:16120: checking for socket
configure:16120: gcc -o conftest -g -O2   conftest.c  >&5
configure:16120: $? = 0
configure:16120: result: yes
configure:16120: checking for strerror
configure:16120: gcc -o conftest -g -O2   conftest.c  >&5
configure:16120: $? = 0
configure:16120: result: yes
configure:16120: checking for strlcpy
configure:16120: gcc -o conftest -g -O2   conftest.c  >&5
/tmp//ccyIxdha.o: In function `main':
/home/user/gt9/libmodbus-3.0.5/conftest.c:85: undefined reference to `strlcpy'
collect2: ld returned 1 exit status
configure:16120: $? = 1
configure: failed program was:
| /* confdefs.h */
| #define PACKAGE_NAME "libmodbus"
| #define PACKAGE_TARNAME "libmodbus"
| #define PACKAGE_VERSION "3.0.5"
| #define PACKAGE_STRING "libmodbus 3.0.5"
| #define PACKAGE_BUGREPORT "https://github.com/stephane/libmodbus/issues"
| #define PACKAGE_URL ""
| #define PACKAGE "libmodbus"
| #define VERSION "3.0.5"
| #define STDC_HEADERS 1
| #define HAVE_SYS_TYPES_H 1
| #define HAVE_SYS_STAT_H 1
| #define HAVE_STDLIB_H 1
| #define HAVE_STRING_H 1
| #define HAVE_MEMORY_H 1
| #define HAVE_STRINGS_H 1
| #define HAVE_INTTYPES_H 1
| #define HAVE_STDINT_H 1
| #define HAVE_UNISTD_H 1
| #define HAVE_DLFCN_H 1
| #define LT_OBJDIR ".libs/"
| #define HAVE_TERMIOS_H 1
| #define HAVE_SYS_TIME_H 1
| #define HAVE_TIME_H 1
| #define HAVE_UNISTD_H 1
| #define HAVE_ERRNO_H 1
| #define HAVE_LIMITS_H 1
| #define HAVE_FCNTL_H 1
| #define HAVE_SYS_TYPES_H 1
| #define HAVE_SYS_SOCKET_H 1
| #define HAVE_SYS_IOCTL_H 1
| #define HAVE_NETINET_IN_H 1
| #define HAVE_NETINET_TCP_H 1
| #define HAVE_ARPA_INET_H 1
| #define HAVE_NETDB_H 1
| #define HAVE_LINUX_SERIAL_H 1
| #define STDC_HEADERS 1
| #define TIME_WITH_SYS_TIME 1
| #define HAVE_DECL___CYGWIN__ 0
| #define HAVE_FORK 1
| #define HAVE_VFORK 1
| #define HAVE_WORKING_VFORK 1
| #define HAVE_WORKING_FORK 1
| #define HAVE_GETTIMEOFDAY 1
| #define HAVE_INET_NTOA 1
| #define HAVE_MEMSET 1
| #define HAVE_SELECT 1
| #define HAVE_SOCKET 1
| #define HAVE_STRERROR 1
| /* end confdefs.h.  */
| /* Define strlcpy to an innocuous variant, in case <limits.h> declares strlcpy.
|    For example, HP-UX 11i <limits.h> declares gettimeofday.  */
| #define strlcpy innocuous_strlcpy
| 
| /* System header to define __stub macros and hopefully few prototypes,
|     which can conflict with char strlcpy (); below.
|     Prefer <limits.h> to <assert.h> if __STDC__ is defined, since
|     <limits.h> exists even on freestanding compilers.  */
| 
| #ifdef __STDC__
| # include <limits.h>
| #else
| # include <assert.h>
| #endif
| 
| #undef strlcpy
| 
| /* Override any GCC internal prototype to avoid an error.
|    Use char because int might match the return type of a GCC
|    builtin and then its argument prototype would still apply.  */
| #ifdef __cplusplus
| extern "C"
| #endif
| char strlcpy ();
| /* The GNU C library defines this for functions which it implements
|     to always fail with ENOSYS.  Some functions are actually named
|     something starting with __ and the normal name is an alias.  */
| #if defined __stub_strlcpy || defined __stub___strlcpy
| choke me
| #endif
| 
| int
| main ()
| {
| return strlcpy ();
|   ;
|   return 0;
| }
configure:16120: result: no
configure:16120: checking for getaddrinfo
configure:16120: gcc -o conftest -g -O2   conftest.c  >&5
configure:16120: $? = 0
configure:16120: result: yes
configure:16149: checking winsock2.h usability
configure:16149: gcc -c -g -O2 -Wall -Werror  conftest.c >&5
conftest.c:85:22: error: winsock2.h: No such file or directory
configure:16149: $? = 1
configure: failed program was:
| /* confdefs.h */
| #define PACKAGE_NAME "libmodbus"
| #define PACKAGE_TARNAME "libmodbus"
| #define PACKAGE_VERSION "3.0.5"
| #define PACKAGE_STRING "libmodbus 3.0.5"
| #define PACKAGE_BUGREPORT "https://github.com/stephane/libmodbus/issues"
| #define PACKAGE_URL ""
| #define PACKAGE "libmodbus"
| #define VERSION "3.0.5"
| #define STDC_HEADERS 1
| #define HAVE_SYS_TYPES_H 1
| #define HAVE_SYS_STAT_H 1
| #define HAVE_STDLIB_H 1
| #define HAVE_STRING_H 1
| #define HAVE_MEMORY_H 1
| #define HAVE_STRINGS_H 1
| #define HAVE_INTTYPES_H 1
| #define HAVE_STDINT_H 1
| #define HAVE_UNISTD_H 1
| #define HAVE_DLFCN_H 1
| #define LT_OBJDIR ".libs/"
| #define HAVE_TERMIOS_H 1
| #define HAVE_SYS_TIME_H 1
| #define HAVE_TIME_H 1
| #define HAVE_UNISTD_H 1
| #define HAVE_ERRNO_H 1
| #define HAVE_LIMITS_H 1
| #define HAVE_FCNTL_H 1
| #define HAVE_SYS_TYPES_H 1
| #define HAVE_SYS_SOCKET_H 1
| #define HAVE_SYS_IOCTL_H 1
| #define HAVE_NETINET_IN_H 1
| #define HAVE_NETINET_TCP_H 1
| #define HAVE_ARPA_INET_H 1
| #define HAVE_NETDB_H 1
| #define HAVE_LINUX_SERIAL_H 1
| #define STDC_HEADERS 1
| #define TIME_WITH_SYS_TIME 1
| #define HAVE_DECL___CYGWIN__ 0
| #define HAVE_FORK 1
| #define HAVE_VFORK 1
| #define HAVE_WORKING_VFORK 1
| #define HAVE_WORKING_FORK 1
| #define HAVE_GETTIMEOFDAY 1
| #define HAVE_INET_NTOA 1
| #define HAVE_MEMSET 1
| #define HAVE_SELECT 1
| #define HAVE_SOCKET 1
| #define HAVE_STRERROR 1
| #define HAVE_GETADDRINFO 1
| /* end confdefs.h.  */
| #include <stdio.h>
| #ifdef HAVE_SYS_TYPES_H
| # include <sys/types.h>
| #endif
| #ifdef HAVE_SYS_STAT_H
| # include <sys/stat.h>
| #endif
| #ifdef STDC_HEADERS
| # include <stdlib.h>
| # include <stddef.h>
| #else
| # ifdef HAVE_STDLIB_H
| #  include <stdlib.h>
| # endif
| #endif
| #ifdef HAVE_STRING_H
| # if !defined STDC_HEADERS && defined HAVE_MEMORY_H
| #  include <memory.h>
| # endif
| # include <string.h>
| #endif
| #ifdef HAVE_STRINGS_H
| # include <strings.h>
| #endif
| #ifdef HAVE_INTTYPES_H
| # include <inttypes.h>
| #endif
| #ifdef HAVE_STDINT_H
| # include <stdint.h>
| #endif
| #ifdef HAVE_UNISTD_H
| # include <unistd.h>
| #endif
| #include <winsock2.h>
configure:16149: result: no
configure:16149: checking winsock2.h presence
configure:16149: gcc -E  conftest.c
conftest.c:52:22: error: winsock2.h: No such file or directory
configure:16149: $? = 1
configure: failed program was:
| /* confdefs.h */
| #define PACKAGE_NAME "libmodbus"
| #define PACKAGE_TARNAME "libmodbus"
| #define PACKAGE_VERSION "3.0.5"
| #define PACKAGE_STRING "libmodbus 3.0.5"
| #define PACKAGE_BUGREPORT "https://github.com/stephane/libmodbus/issues"
| #define PACKAGE_URL ""
| #define PACKAGE "libmodbus"
| #define VERSION "3.0.5"
| #define STDC_HEADERS 1
| #define HAVE_SYS_TYPES_H 1
| #define HAVE_SYS_STAT_H 1
| #define HAVE_STDLIB_H 1
| #define HAVE_STRING_H 1
| #define HAVE_MEMORY_H 1
| #define HAVE_STRINGS_H 1
| #define HAVE_INTTYPES_H 1
| #define HAVE_STDINT_H 1
| #define HAVE_UNISTD_H 1
| #define HAVE_DLFCN_H 1
| #define LT_OBJDIR ".libs/"
| #define HAVE_TERMIOS_H 1
| #define HAVE_SYS_TIME_H 1
| #define HAVE_TIME_H 1
| #define HAVE_UNISTD_H 1
| #define HAVE_ERRNO_H 1
| #define HAVE_LIMITS_H 1
| #define HAVE_FCNTL_H 1
| #define HAVE_SYS_TYPES_H 1
| #define HAVE_SYS_SOCKET_H 1
| #define HAVE_SYS_IOCTL_H 1
| #define HAVE_NETINET_IN_H 1
| #define HAVE_NETINET_TCP_H 1
| #define HAVE_ARPA_INET_H 1
| #define HAVE_NETDB_H 1
| #define HAVE_LINUX_SERIAL_H 1
| #define STDC_HEADERS 1
| #define TIME_WITH_SYS_TIME 1
| #define HAVE_DECL___CYGWIN__ 0
| #define HAVE_FORK 1
| #define HAVE_VFORK 1
| #define HAVE_WORKING_VFORK 1
| #define HAVE_WORKING_FORK 1
| #define HAVE_GETTIMEOFDAY 1
| #define HAVE_INET_NTOA 1
| #define HAVE_MEMSET 1
| #define HAVE_SELECT 1
| #define HAVE_SOCKET 1
| #define HAVE_STRERROR 1
| #define HAVE_GETADDRINFO 1
| /* end confdefs.h.  */
| #include <winsock2.h>
configure:16149: result: no
configure:16149: checking for winsock2.h
configure:16149: result: no
configure:16165: checking whether TIOCSRS485 is declared
configure:16165: gcc -c -g -O2 -Wall -Werror  conftest.c >&5
configure:16165: $? = 0
configure:16165: result: yes
configure:16318: creating ./config.status

## ---------------------- ##
## Running config.status. ##
## ---------------------- ##

This file was extended by libmodbus config.status 3.0.5, which was
generated by GNU Autoconf 2.65.  Invocation command line was

  CONFIG_FILES    = 
  CONFIG_HEADERS  = 
  CONFIG_LINKS    = 
  CONFIG_COMMANDS = 
  $ ./config.status 

on localhost

config.status:1197: creating Makefile
config.status:1197: creating src/Makefile
config.status:1197: creating src/modbus-version.h
config.status:1197: creating doc/Makefile
config.status:1197: creating tests/Makefile
config.status:1197: creating libmodbus.pc
config.status:1197: creating libmodbus.spec
config.status:1197: creating config.h
config.status:1369: config.h is unchanged
config.status:1197: creating tests/unit-test.h
config.status:1369: tests/unit-test.h is unchanged
config.status:1417: executing depfiles commands
config.status:1417: executing libtool commands

## ---------------- ##
## Cache variables. ##
## ---------------- ##

ac_cv_build=i686-pc-linux-gnu
ac_cv_c_compiler_gnu=yes
ac_cv_c_const=yes
ac_cv_cxx_compiler_gnu=yes
ac_cv_env_CCC_set=
ac_cv_env_CCC_value=
ac_cv_env_CC_set=
ac_cv_env_CC_value=
ac_cv_env_CFLAGS_set=
ac_cv_env_CFLAGS_value=
ac_cv_env_CPPFLAGS_set=
ac_cv_env_CPPFLAGS_value=
ac_cv_env_CPP_set=
ac_cv_env_CPP_value=
ac_cv_env_CXXCPP_set=
ac_cv_env_CXXCPP_value=
ac_cv_env_CXXFLAGS_set=
ac_cv_env_CXXFLAGS_value=
ac_cv_env_CXX_set=
ac_cv_env_CXX_value=
ac_cv_env_LDFLAGS_set=
ac_cv_env_LDFLAGS_value=
ac_cv_env_LIBS_set=
ac_cv_env_LIBS_value=
ac_cv_env_build_alias_set=
ac_cv_env_build_alias_value=
ac_cv_env_host_alias_set=
ac_cv_env_host_alias_value=
ac_cv_env_target_alias_set=
ac_cv_env_target_alias_value=
ac_cv_func_fork=yes
ac_cv_func_fork_works=yes
ac_cv_func_getaddrinfo=yes
ac_cv_func_gettimeofday=yes
ac_cv_func_inet_ntoa=yes
ac_cv_func_memset=yes
ac_cv_func_select=yes
ac_cv_func_socket=yes
ac_cv_func_strerror=yes
ac_cv_func_strlcpy=no
ac_cv_func_vfork=yes
ac_cv_func_vfork_works=yes
ac_cv_have_decl_TIOCSRS485=yes
ac_cv_have_decl___CYGWIN__=no
ac_cv_header_arpa_inet_h=yes
ac_cv_header_dlfcn_h=yes
ac_cv_header_errno_h=yes
ac_cv_header_fcntl_h=yes
ac_cv_header_inttypes_h=yes
ac_cv_header_limits_h=yes
ac_cv_header_linux_serial_h=yes
ac_cv_header_memory_h=yes
ac_cv_header_netdb_h=yes
ac_cv_header_netinet_in_h=yes
ac_cv_header_netinet_tcp_h=yes
ac_cv_header_stdc=yes
ac_cv_header_stdint_h=yes
ac_cv_header_stdlib_h=yes
ac_cv_header_string_h=yes
ac_cv_header_strings_h=yes
ac_cv_header_sys_ioctl_h=yes
ac_cv_header_sys_socket_h=yes
ac_cv_header_sys_stat_h=yes
ac_cv_header_sys_time_h=yes
ac_cv_header_sys_types_h=yes
ac_cv_header_termios_h=yes
ac_cv_header_time=yes
ac_cv_header_time_h=yes
ac_cv_header_unistd_h=yes
ac_cv_header_vfork_h=no
ac_cv_header_winsock2_h=no
ac_cv_host=i686-pc-linux-gnu
ac_cv_objext=o
ac_cv_path_EGREP='/bin/grep -E'
ac_cv_path_FGREP='/bin/grep -F'
ac_cv_path_GREP=/bin/grep
ac_cv_path_SED=/bin/sed
ac_cv_path_install='/usr/bin/install -c'
ac_cv_path_mkdir=/bin/mkdir
ac_cv_prog_AWK=gawk
ac_cv_prog_CPP='gcc -E'
ac_cv_prog_CXXCPP='g++ -E'
ac_cv_prog_ac_ct_AR=ar
ac_cv_prog_ac_ct_CC=gcc
ac_cv_prog_ac_ct_CXX=g++
ac_cv_prog_ac_ct_OBJDUMP=objdump
ac_cv_prog_ac_ct_RANLIB=ranlib
ac_cv_prog_ac_ct_STRIP=strip
ac_cv_prog_ac_libmodbus_have_asciidoc=no
ac_cv_prog_ac_libmodbus_have_xmlto=no
ac_cv_prog_cc_c89=
ac_cv_prog_cc_g=yes
ac_cv_prog_cxx_g=yes
ac_cv_prog_make_make_set=yes
ac_cv_type_pid_t=yes
ac_cv_type_size_t=yes
am_cv_CC_dependencies_compiler_type=gcc3
am_cv_CXX_dependencies_compiler_type=gcc3
lt_cv_ar_at_file=@
lt_cv_archive_cmds_need_lc=no
lt_cv_deplibs_check_method=pass_all
lt_cv_file_magic_cmd='$MAGIC_CMD'
lt_cv_file_magic_test_file=
lt_cv_ld_reload_flag=-r
lt_cv_nm_interface='BSD nm'
lt_cv_objdir=.libs
lt_cv_path_LD=/usr/bin/ld
lt_cv_path_LDCXX=/usr/bin/ld
lt_cv_path_NM='/usr/bin/nm -B'
lt_cv_path_mainfest_tool=no
lt_cv_prog_compiler_c_o=yes
lt_cv_prog_compiler_c_o_CXX=yes
lt_cv_prog_compiler_pic='-fPIC -DPIC'
lt_cv_prog_compiler_pic_CXX='-fPIC -DPIC'
lt_cv_prog_compiler_pic_works=yes
lt_cv_prog_compiler_pic_works_CXX=yes
lt_cv_prog_compiler_rtti_exceptions=no
lt_cv_prog_compiler_static_works=no
lt_cv_prog_compiler_static_works_CXX=no
lt_cv_prog_gnu_ld=yes
lt_cv_prog_gnu_ldcxx=yes
lt_cv_sharedlib_from_linklib_cmd='printf %s\n'
lt_cv_shlibpath_overrides_runpath=no
lt_cv_sys_global_symbol_pipe='sed -n -e '\''s/^.*[	 ]\([ABCDGIRSTW][ABCDGIRSTW]*\)[	 ][	 ]*\([_A-Za-z][_A-Za-z0-9]*\)$/\1 \2 \2/p'\'' | sed '\''/ __gnu_lto/d'\'''
lt_cv_sys_global_symbol_to_c_name_address='sed -n -e '\''s/^: \([^ ]*\)[ ]*$/  {\"\1\", (void *) 0},/p'\'' -e '\''s/^[ABCDGIRSTW]* \([^ ]*\) \([^ ]*\)$/  {"\2", (void *) \&\2},/p'\'''
lt_cv_sys_global_symbol_to_c_name_address_lib_prefix='sed -n -e '\''s/^: \([^ ]*\)[ ]*$/  {\"\1\", (void *) 0},/p'\'' -e '\''s/^[ABCDGIRSTW]* \([^ ]*\) \(lib[^ ]*\)$/  {"\2", (void *) \&\2},/p'\'' -e '\''s/^[ABCDGIRSTW]* \([^ ]*\) \([^ ]*\)$/  {"lib\2", (void *) \&\2},/p'\'''
lt_cv_sys_global_symbol_to_cdecl='sed -n -e '\''s/^T .* \(.*\)$/extern int \1();/p'\'' -e '\''s/^[ABCDGIRSTW]* .* \(.*\)$/extern char \1;/p'\'''
lt_cv_sys_max_cmd_len=1572864
lt_cv_to_host_file_cmd=func_convert_file_noop
lt_cv_to_tool_file_cmd=func_convert_file_noop

## ----------------- ##
## Output variables. ##
## ----------------- ##

ACLOCAL='${SHELL} /home/user/gt9/libmodbus-3.0.5/missing --run aclocal-1.11'
AMDEPBACKSLASH='\'
AMDEP_FALSE='#'
AMDEP_TRUE=''
AMTAR='${SHELL} /home/user/gt9/libmodbus-3.0.5/missing --run tar'
AM_BACKSLASH='\'
AM_DEFAULT_VERBOSITY='0'
AR='ar'
AS='as'
AUTOCONF='${SHELL} /home/user/gt9/libmodbus-3.0.5/missing --run autoconf'
AUTOHEADER='${SHELL} /home/user/gt9/libmodbus-3.0.5/missing --run autoheader'
AUTOMAKE='${SHELL} /home/user/gt9/libmodbus-3.0.5/missing --run automake-1.11'
AWK='gawk'
BUILD_DOC_FALSE=''
BUILD_DOC_TRUE='#'
CC='gcc'
CCDEPMODE='depmode=gcc3'
CFLAGS='-g -O2 -Wall -Werror'
CPP='gcc -E'
CPPFLAGS=''
CXX='g++'
CXXCPP='g++ -E'
CXXDEPMODE='depmode=gcc3'
CXXFLAGS='-g -O2'
CYGPATH_W='echo'
DEFS='-DHAVE_CONFIG_H'
DEPDIR='.deps'
DLLTOOL='false'
DSYMUTIL=''
DUMPBIN=''
ECHO_C=''
ECHO_N='-n'
ECHO_T=''
EGREP='/bin/grep -E'
EXEEXT=''
FGREP='/bin/grep -F'
GREP='/bin/grep'
INSTALL_DATA='${INSTALL} -m 644'
INSTALL_MAN_FALSE='#'
INSTALL_MAN_TRUE=''
INSTALL_PROGRAM='${INSTALL}'
INSTALL_SCRIPT='${INSTALL}'
INSTALL_STRIP_PROGRAM='$(install_sh) -c -s'
LD='/usr/bin/ld'
LDFLAGS=''
LIBMODBUS_LT_VERSION_INFO='5:4:0'
LIBMODBUS_VERSION='3.0.5'
LIBMODBUS_VERSION_MAJOR='3'
LIBMODBUS_VERSION_MICRO='5'
LIBMODBUS_VERSION_MINOR='0'
LIBOBJS=''
LIBS=''
LIBTOOL='$(SHELL) $(top_builddir)/libtool'
LIPO=''
LN_S='ln -s'
LTLIBOBJS=''
MAKEINFO='${SHELL} /home/user/gt9/libmodbus-3.0.5/missing --run makeinfo'
MANIFEST_TOOL=':'
MKDIR_P='/bin/mkdir -p'
NM='/usr/bin/nm -B'
NMEDIT=''
OBJDUMP='objdump'
OBJEXT='o'
OS_QNX_FALSE=''
OS_QNX_TRUE='#'
OS_WIN32_FALSE=''
OS_WIN32_TRUE='#'
OTOOL64=''
OTOOL=''
PACKAGE='libmodbus'
PACKAGE_BUGREPORT='https://github.com/stephane/libmodbus/issues'
PACKAGE_NAME='libmodbus'
PACKAGE_STRING='libmodbus 3.0.5'
PACKAGE_TARNAME='libmodbus'
PACKAGE_URL=''
PACKAGE_VERSION='3.0.5'
PATH_SEPARATOR=':'
RANLIB='ranlib'
SED='/bin/sed'
SET_MAKE=''
SHELL='/bin/sh'
STRIP='strip'
VERSION='3.0.5'
ac_ct_AR='ar'
ac_ct_CC='gcc'
ac_ct_CXX='g++'
ac_ct_DUMPBIN=''
ac_libmodbus_have_asciidoc='no'
ac_libmodbus_have_xmlto='no'
am__EXEEXT_FALSE=''
am__EXEEXT_TRUE='#'
am__fastdepCC_FALSE='#'
am__fastdepCC_TRUE=''
am__fastdepCXX_FALSE='#'
am__fastdepCXX_TRUE=''
am__include='include'
am__isrc=''
am__leading_dot='.'
am__quote=''
am__tar='${AMTAR} chof - "$$tardir"'
am__untar='${AMTAR} xf -'
bindir='${exec_prefix}/bin'
build='i686-pc-linux-gnu'
build_alias=''
build_cpu='i686'
build_os='linux-gnu'
build_vendor='pc'
datadir='${datarootdir}'
datarootdir='${prefix}/share'
docdir='${datarootdir}/doc/${PACKAGE_TARNAME}'
dvidir='${docdir}'
exec_prefix='${prefix}'
host='i686-pc-linux-gnu'
host_alias=''
host_cpu='i686'
host_os='linux-gnu'
host_vendor='pc'
htmldir='${docdir}'
includedir='${prefix}/include'
infodir='${datarootdir}/info'
install_sh='${SHELL} /home/user/gt9/libmodbus-3.0.5/install-sh'
libdir='${exec_prefix}/lib'
libexecdir='${exec_prefix}/libexec'
localedir='${datarootdir}/locale'
localstatedir='${prefix}/var'
mandir='${datarootdir}/man'
mkdir_p='/bin/mkdir -p'
oldincludedir='/usr/include'
pdfdir='${docdir}'
prefix='/usr/local'
program_transform_name='s,x,x,'
psdir='${docdir}'
sbindir='${exec_prefix}/sbin'
sharedstatedir='${prefix}/com'
sysconfdir='${prefix}/etc'
target_alias=''

## ----------- ##
## confdefs.h. ##
## ----------- ##

/* confdefs.h */
#define PACKAGE_NAME "libmodbus"
#define PACKAGE_TARNAME "libmodbus"
#define PACKAGE_VERSION "3.0.5"
#define PACKAGE_STRING "libmodbus 3.0.5"
#define PACKAGE_BUGREPORT "https://github.com/stephane/libmodbus/issues"
#define PACKAGE_URL ""
#define PACKAGE "libmodbus"
#define VERSION "3.0.5"
#define STDC_HEADERS 1
#define HAVE_SYS_TYPES_H 1
#define HAVE_SYS_STAT_H 1
#define HAVE_STDLIB_H 1
#define HAVE_STRING_H 1
#define HAVE_MEMORY_H 1
#define HAVE_STRINGS_H 1
#define HAVE_INTTYPES_H 1
#define HAVE_STDINT_H 1
#define HAVE_UNISTD_H 1
#define HAVE_DLFCN_H 1
#define LT_OBJDIR ".libs/"
#define HAVE_TERMIOS_H 1
#define HAVE_SYS_TIME_H 1
#define HAVE_TIME_H 1
#define HAVE_UNISTD_H 1
#define HAVE_ERRNO_H 1
#define HAVE_LIMITS_H 1
#define HAVE_FCNTL_H 1
#define HAVE_SYS_TYPES_H 1
#define HAVE_SYS_SOCKET_H 1
#define HAVE_SYS_IOCTL_H 1
#define HAVE_NETINET_IN_H 1
#define HAVE_NETINET_TCP_H 1
#define HAVE_ARPA_INET_H 1
#define HAVE_NETDB_H 1
#define HAVE_LINUX_SERIAL_H 1
#define STDC_HEADERS 1
#define TIME_WITH_SYS_TIME 1
#define HAVE_DECL___CYGWIN__ 0
#define HAVE_FORK 1
#define HAVE_VFORK 1
#define HAVE_WORKING_VFORK 1
#define HAVE_WORKING_FORK 1
#define HAVE_GETTIMEOFDAY 1
#define HAVE_INET_NTOA 1
#define HAVE_MEMSET 1
#define HAVE_SELECT 1
#define HAVE_SOCKET 1
#define HAVE_STRERROR 1
#define HAVE_GETADDRINFO 1
#define HAVE_DECL_TIOCSRS485 1

configure: exit 0
